2025-06-20 15:33:06.883 [info] [main] Log level: Info
2025-06-20 15:33:06.883 [info] [main] Validating found git in: "git"
2025-06-20 15:33:06.883 [info] [main] Using git "2.34.1" from "git"
2025-06-20 15:33:06.883 [info] [Model][doInitialScan] Initial repository scan started
2025-06-20 15:33:06.883 [info] > git rev-parse --show-toplevel [8ms]
2025-06-20 15:33:06.883 [info] > git rev-parse --git-dir --git-common-dir [2ms]
2025-06-20 15:33:06.897 [info] [Model][openRepository] Opened repository: /home/jon/ros_ws/tiago_challenge
2025-06-20 15:33:06.921 [info] > git rev-parse --show-toplevel [4ms]
2025-06-20 15:33:06.922 [info] > git config --get commit.template [12ms]
2025-06-20 15:33:06.971 [info] > git rev-parse --show-toplevel [22ms]
2025-06-20 15:33:06.979 [info] > git for-each-ref --format=%(refname)%00%(upstream:short)%00%(objectname)%00%(upstream:track)%00%(upstream:remotename)%00%(upstream:remoteref) refs/heads/master refs/remotes/master [9ms]
2025-06-20 15:33:06.987 [warning] [Git][revParse] Unable to read file: ENOENT: no such file or directory, open '/home/jon/ros_ws/tiago_challenge/.git/refs/remotes/origin/master'
2025-06-20 15:33:06.988 [info] > git rev-parse --show-toplevel [10ms]
2025-06-20 15:33:06.990 [info] [Model][doInitialScan] Initial repository scan completed - repositories (1), closed repositories (0), parent repositories (0), unsafe repositories (0)
2025-06-20 15:33:06.991 [info] > git rev-parse refs/remotes/origin/master [4ms]
2025-06-20 15:33:07.010 [info] > git status -z -uall [11ms]
2025-06-20 15:33:07.011 [info] > git for-each-ref --sort -committerdate --format %(refname) %(objectname) %(*objectname) [3ms]
2025-06-20 15:33:07.049 [info] > git for-each-ref --format=%(refname)%00%(upstream:short)%00%(objectname)%00%(upstream:track)%00%(upstream:remotename)%00%(upstream:remoteref) refs/heads/master refs/remotes/master [13ms]
2025-06-20 15:33:07.061 [info] > git config --get --local branch.master.vscode-merge-base [3ms]
2025-06-20 15:33:07.061 [warning] [Git][config] git config failed: Failed to execute git
2025-06-20 15:33:07.070 [info] > git config --get commit.template [24ms]
2025-06-20 15:33:07.079 [info] > git reflog master --grep-reflog=branch: Created from *. [9ms]
2025-06-20 15:33:07.090 [info] > git for-each-ref --format=%(refname)%00%(upstream:short)%00%(objectname)%00%(upstream:track)%00%(upstream:remotename)%00%(upstream:remoteref) refs/heads/master refs/remotes/master [12ms]
2025-06-20 15:33:07.098 [warning] [Git][revParse] Unable to read file: ENOENT: no such file or directory, open '/home/jon/ros_ws/tiago_challenge/.git/refs/remotes/origin/master'
2025-06-20 15:33:07.099 [info] > git symbolic-ref --short refs/remotes/origin/HEAD [10ms]
2025-06-20 15:33:07.107 [info] > git rev-parse refs/remotes/origin/master [9ms]
2025-06-20 15:33:07.138 [info] > git status -z -uall [23ms]
2025-06-20 15:33:07.138 [info] > git for-each-ref --sort -committerdate --format %(refname) %(objectname) %(*objectname) [16ms]
2025-06-20 15:33:07.151 [info] > git for-each-ref --format=%(refname)%00%(upstream:short)%00%(objectname)%00%(upstream:track)%00%(upstream:remotename)%00%(upstream:remoteref) refs/heads/origin/master refs/remotes/origin/master [45ms]
2025-06-20 15:33:07.160 [info] > git for-each-ref --format=%(refname)%00%(upstream:short)%00%(objectname)%00%(upstream:track)%00%(upstream:remotename)%00%(upstream:remoteref) refs/heads/master refs/remotes/master [10ms]
2025-06-20 15:33:07.173 [info] > git config --get --local branch.master.vscode-merge-base [4ms]
2025-06-20 15:33:07.181 [info] > git config --add --local branch.master.vscode-merge-base origin/master [22ms]
2025-06-20 15:33:07.191 [info] > git for-each-ref --format=%(refname)%00%(upstream:short)%00%(objectname)%00%(upstream:track)%00%(upstream:remotename)%00%(upstream:remoteref) refs/heads/origin/master refs/remotes/origin/master [10ms]
2025-06-20 15:33:07.202 [info] > git config --get commit.template [13ms]
2025-06-20 15:33:07.211 [info] > git merge-base refs/heads/master refs/remotes/origin/master [10ms]
2025-06-20 15:33:07.221 [info] > git for-each-ref --format=%(refname)%00%(upstream:short)%00%(objectname)%00%(upstream:track)%00%(upstream:remotename)%00%(upstream:remoteref) refs/heads/master refs/remotes/master [11ms]
2025-06-20 15:33:07.230 [warning] [Git][revParse] Unable to read file: ENOENT: no such file or directory, open '/home/jon/ros_ws/tiago_challenge/.git/refs/remotes/origin/master'
2025-06-20 15:33:07.236 [info] > git rev-parse refs/remotes/origin/master [6ms]
2025-06-20 15:33:07.253 [info] > git diff --name-status -z --diff-filter=ADMR 0ff50ae161231ceca43e4a54a84080c9786f068d...refs/remotes/origin/master [33ms]
2025-06-20 15:33:07.267 [info] > git status -z -uall [23ms]
2025-06-20 15:33:07.267 [info] > git for-each-ref --sort -committerdate --format %(refname) %(objectname) %(*objectname) [14ms]
2025-06-20 15:33:07.435 [info] > git check-ignore -v -z --stdin [1ms]
2025-06-20 15:33:08.390 [info] > git check-ignore -v -z --stdin [2ms]
2025-06-20 15:33:09.172 [info] > git for-each-ref --format=%(refname)%00%(upstream:short)%00%(objectname)%00%(upstream:track)%00%(upstream:remotename)%00%(upstream:remoteref) refs/heads/master refs/remotes/master [3ms]
2025-06-20 15:33:09.172 [info] > git config --get commit.template [12ms]
2025-06-20 15:33:09.182 [warning] [Git][revParse] Unable to read file: ENOENT: no such file or directory, open '/home/jon/ros_ws/tiago_challenge/.git/refs/remotes/origin/master'
2025-06-20 15:33:09.184 [info] > git rev-parse refs/remotes/origin/master [2ms]
2025-06-20 15:33:09.228 [info] > git status -z -uall [35ms]
2025-06-20 15:33:09.228 [info] > git for-each-ref --sort -committerdate --format %(refname) %(objectname) %(*objectname) [26ms]
2025-06-20 15:33:14.251 [info] > git config --get commit.template [9ms]
2025-06-20 15:33:14.252 [info] > git for-each-ref --format=%(refname)%00%(upstream:short)%00%(objectname)%00%(upstream:track)%00%(upstream:remotename)%00%(upstream:remoteref) refs/heads/master refs/remotes/master [2ms]
2025-06-20 15:33:14.260 [warning] [Git][revParse] Unable to read file: ENOENT: no such file or directory, open '/home/jon/ros_ws/tiago_challenge/.git/refs/remotes/origin/master'
2025-06-20 15:33:14.261 [info] > git rev-parse refs/remotes/origin/master [1ms]
2025-06-20 15:33:14.278 [info] > git status -z -uall [8ms]
2025-06-20 15:33:14.280 [info] > git for-each-ref --sort -committerdate --format %(refname) %(objectname) %(*objectname) [2ms]
2025-06-20 15:33:26.248 [info] > git config --get commit.template [7ms]
2025-06-20 15:33:26.250 [info] > git for-each-ref --format=%(refname)%00%(upstream:short)%00%(objectname)%00%(upstream:track)%00%(upstream:remotename)%00%(upstream:remoteref) refs/heads/master refs/remotes/master [3ms]
2025-06-20 15:33:26.257 [warning] [Git][revParse] Unable to read file: ENOENT: no such file or directory, open '/home/jon/ros_ws/tiago_challenge/.git/refs/remotes/origin/master'
2025-06-20 15:33:26.259 [info] > git rev-parse refs/remotes/origin/master [2ms]
2025-06-20 15:33:26.276 [info] > git status -z -uall [9ms]
2025-06-20 15:33:26.277 [info] > git for-each-ref --sort -committerdate --format %(refname) %(objectname) %(*objectname) [2ms]
2025-06-20 15:33:31.301 [info] > git config --get commit.template [10ms]
2025-06-20 15:33:31.302 [info] > git for-each-ref --format=%(refname)%00%(upstream:short)%00%(objectname)%00%(upstream:track)%00%(upstream:remotename)%00%(upstream:remoteref) refs/heads/master refs/remotes/master [2ms]
2025-06-20 15:33:31.310 [warning] [Git][revParse] Unable to read file: ENOENT: no such file or directory, open '/home/jon/ros_ws/tiago_challenge/.git/refs/remotes/origin/master'
2025-06-20 15:33:31.311 [info] > git rev-parse refs/remotes/origin/master [1ms]
2025-06-20 15:33:31.328 [info] > git status -z -uall [9ms]
2025-06-20 15:33:31.330 [info] > git for-each-ref --sort -committerdate --format %(refname) %(objectname) %(*objectname) [2ms]
2025-06-20 15:33:36.355 [info] > git config --get commit.template [11ms]
2025-06-20 15:33:36.356 [info] > git for-each-ref --format=%(refname)%00%(upstream:short)%00%(objectname)%00%(upstream:track)%00%(upstream:remotename)%00%(upstream:remoteref) refs/heads/master refs/remotes/master [2ms]
2025-06-20 15:33:36.366 [warning] [Git][revParse] Unable to read file: ENOENT: no such file or directory, open '/home/jon/ros_ws/tiago_challenge/.git/refs/remotes/origin/master'
2025-06-20 15:33:36.367 [info] > git rev-parse refs/remotes/origin/master [1ms]
2025-06-20 15:33:36.387 [info] > git status -z -uall [10ms]
2025-06-20 15:33:36.388 [info] > git for-each-ref --sort -committerdate --format %(refname) %(objectname) %(*objectname) [2ms]
2025-06-20 15:34:03.639 [info] > git config --get commit.template [8ms]
2025-06-20 15:34:03.639 [info] > git for-each-ref --format=%(refname)%00%(upstream:short)%00%(objectname)%00%(upstream:track)%00%(upstream:remotename)%00%(upstream:remoteref) refs/heads/master refs/remotes/master [1ms]
2025-06-20 15:34:03.648 [warning] [Git][revParse] Unable to read file: ENOENT: no such file or directory, open '/home/jon/ros_ws/tiago_challenge/.git/refs/remotes/origin/master'
2025-06-20 15:34:03.649 [info] > git rev-parse refs/remotes/origin/master [2ms]
2025-06-20 15:34:03.666 [info] > git status -z -uall [9ms]
2025-06-20 15:34:03.667 [info] > git for-each-ref --sort -committerdate --format %(refname) %(objectname) %(*objectname) [2ms]
2025-06-20 15:34:13.908 [info] > git config --get commit.template [13ms]
2025-06-20 15:34:13.909 [info] > git for-each-ref --format=%(refname)%00%(upstream:short)%00%(objectname)%00%(upstream:track)%00%(upstream:remotename)%00%(upstream:remoteref) refs/heads/master refs/remotes/master [3ms]
2025-06-20 15:34:13.921 [warning] [Git][revParse] Unable to read file: ENOENT: no such file or directory, open '/home/jon/ros_ws/tiago_challenge/.git/refs/remotes/origin/master'
2025-06-20 15:34:13.923 [info] > git rev-parse refs/remotes/origin/master [2ms]
2025-06-20 15:34:13.941 [info] > git status -z -uall [9ms]
2025-06-20 15:34:13.943 [info] > git for-each-ref --sort -committerdate --format %(refname) %(objectname) %(*objectname) [2ms]
2025-06-20 15:34:22.097 [info] > git config --get commit.template [9ms]
2025-06-20 15:34:22.098 [info] > git for-each-ref --format=%(refname)%00%(upstream:short)%00%(objectname)%00%(upstream:track)%00%(upstream:remotename)%00%(upstream:remoteref) refs/heads/master refs/remotes/master [2ms]
2025-06-20 15:34:22.106 [warning] [Git][revParse] Unable to read file: ENOENT: no such file or directory, open '/home/jon/ros_ws/tiago_challenge/.git/refs/remotes/origin/master'
2025-06-20 15:34:22.108 [info] > git rev-parse refs/remotes/origin/master [2ms]
2025-06-20 15:34:22.125 [info] > git status -z -uall [9ms]
2025-06-20 15:34:22.127 [info] > git for-each-ref --sort -committerdate --format %(refname) %(objectname) %(*objectname) [1ms]
2025-06-20 15:34:27.150 [info] > git config --get commit.template [8ms]
2025-06-20 15:34:27.151 [info] > git for-each-ref --format=%(refname)%00%(upstream:short)%00%(objectname)%00%(upstream:track)%00%(upstream:remotename)%00%(upstream:remoteref) refs/heads/master refs/remotes/master [2ms]
2025-06-20 15:34:27.160 [warning] [Git][revParse] Unable to read file: ENOENT: no such file or directory, open '/home/jon/ros_ws/tiago_challenge/.git/refs/remotes/origin/master'
2025-06-20 15:34:27.161 [info] > git rev-parse refs/remotes/origin/master [2ms]
2025-06-20 15:34:27.179 [info] > git status -z -uall [10ms]
2025-06-20 15:34:27.180 [info] > git for-each-ref --sort -committerdate --format %(refname) %(objectname) %(*objectname) [2ms]
2025-06-20 15:34:32.200 [info] > git config --get commit.template [8ms]
2025-06-20 15:34:32.202 [info] > git for-each-ref --format=%(refname)%00%(upstream:short)%00%(objectname)%00%(upstream:track)%00%(upstream:remotename)%00%(upstream:remoteref) refs/heads/master refs/remotes/master [3ms]
2025-06-20 15:34:32.208 [warning] [Git][revParse] Unable to read file: ENOENT: no such file or directory, open '/home/jon/ros_ws/tiago_challenge/.git/refs/remotes/origin/master'
2025-06-20 15:34:32.210 [info] > git rev-parse refs/remotes/origin/master [2ms]
2025-06-20 15:34:32.226 [info] > git status -z -uall [9ms]
2025-06-20 15:34:32.227 [info] > git for-each-ref --sort -committerdate --format %(refname) %(objectname) %(*objectname) [2ms]
2025-06-20 15:35:01.585 [info] > git config --get commit.template [9ms]
2025-06-20 15:35:01.586 [info] > git for-each-ref --format=%(refname)%00%(upstream:short)%00%(objectname)%00%(upstream:track)%00%(upstream:remotename)%00%(upstream:remoteref) refs/heads/master refs/remotes/master [2ms]
2025-06-20 15:35:01.594 [warning] [Git][revParse] Unable to read file: ENOENT: no such file or directory, open '/home/jon/ros_ws/tiago_challenge/.git/refs/remotes/origin/master'
2025-06-20 15:35:01.595 [info] > git rev-parse refs/remotes/origin/master [2ms]
2025-06-20 15:35:01.610 [info] > git status -z -uall [8ms]
2025-06-20 15:35:01.611 [info] > git for-each-ref --sort -committerdate --format %(refname) %(objectname) %(*objectname) [2ms]
2025-06-20 15:35:06.632 [info] > git config --get commit.template [9ms]
2025-06-20 15:35:06.633 [info] > git for-each-ref --format=%(refname)%00%(upstream:short)%00%(objectname)%00%(upstream:track)%00%(upstream:remotename)%00%(upstream:remoteref) refs/heads/master refs/remotes/master [2ms]
2025-06-20 15:35:06.640 [warning] [Git][revParse] Unable to read file: ENOENT: no such file or directory, open '/home/jon/ros_ws/tiago_challenge/.git/refs/remotes/origin/master'
2025-06-20 15:35:06.641 [info] > git rev-parse refs/remotes/origin/master [1ms]
2025-06-20 15:35:06.657 [info] > git status -z -uall [9ms]
2025-06-20 15:35:06.658 [info] > git for-each-ref --sort -committerdate --format %(refname) %(objectname) %(*objectname) [2ms]
2025-06-20 15:35:11.678 [info] > git config --get commit.template [9ms]
2025-06-20 15:35:11.679 [info] > git for-each-ref --format=%(refname)%00%(upstream:short)%00%(objectname)%00%(upstream:track)%00%(upstream:remotename)%00%(upstream:remoteref) refs/heads/master refs/remotes/master [1ms]
2025-06-20 15:35:11.695 [warning] [Git][revParse] Unable to read file: ENOENT: no such file or directory, open '/home/jon/ros_ws/tiago_challenge/.git/refs/remotes/origin/master'
2025-06-20 15:35:11.696 [info] > git rev-parse refs/remotes/origin/master [1ms]
2025-06-20 15:35:11.712 [info] > git status -z -uall [9ms]
2025-06-20 15:35:11.713 [info] > git for-each-ref --sort -committerdate --format %(refname) %(objectname) %(*objectname) [2ms]
2025-06-20 15:35:16.734 [info] > git config --get commit.template [9ms]
2025-06-20 15:35:16.735 [info] > git for-each-ref --format=%(refname)%00%(upstream:short)%00%(objectname)%00%(upstream:track)%00%(upstream:remotename)%00%(upstream:remoteref) refs/heads/master refs/remotes/master [2ms]
2025-06-20 15:35:16.742 [warning] [Git][revParse] Unable to read file: ENOENT: no such file or directory, open '/home/jon/ros_ws/tiago_challenge/.git/refs/remotes/origin/master'
2025-06-20 15:35:16.744 [info] > git rev-parse refs/remotes/origin/master [2ms]
2025-06-20 15:35:16.761 [info] > git status -z -uall [9ms]
2025-06-20 15:35:16.762 [info] > git for-each-ref --sort -committerdate --format %(refname) %(objectname) %(*objectname) [2ms]
2025-06-20 15:35:21.783 [info] > git config --get commit.template [8ms]
2025-06-20 15:35:21.784 [info] > git for-each-ref --format=%(refname)%00%(upstream:short)%00%(objectname)%00%(upstream:track)%00%(upstream:remotename)%00%(upstream:remoteref) refs/heads/master refs/remotes/master [2ms]
2025-06-20 15:35:21.792 [warning] [Git][revParse] Unable to read file: ENOENT: no such file or directory, open '/home/jon/ros_ws/tiago_challenge/.git/refs/remotes/origin/master'
2025-06-20 15:35:21.794 [info] > git rev-parse refs/remotes/origin/master [1ms]
2025-06-20 15:35:21.810 [info] > git status -z -uall [8ms]
2025-06-20 15:35:21.811 [info] > git for-each-ref --sort -committerdate --format %(refname) %(objectname) %(*objectname) [1ms]
2025-06-20 15:35:26.833 [info] > git config --get commit.template [8ms]
2025-06-20 15:35:26.834 [info] > git for-each-ref --format=%(refname)%00%(upstream:short)%00%(objectname)%00%(upstream:track)%00%(upstream:remotename)%00%(upstream:remoteref) refs/heads/master refs/remotes/master [2ms]
2025-06-20 15:35:26.842 [warning] [Git][revParse] Unable to read file: ENOENT: no such file or directory, open '/home/jon/ros_ws/tiago_challenge/.git/refs/remotes/origin/master'
2025-06-20 15:35:26.844 [info] > git rev-parse refs/remotes/origin/master [1ms]
2025-06-20 15:35:26.858 [info] > git status -z -uall [8ms]
2025-06-20 15:35:26.859 [info] > git for-each-ref --sort -committerdate --format %(refname) %(objectname) %(*objectname) [2ms]
2025-06-20 15:35:35.269 [info] > git config --get commit.template [10ms]
2025-06-20 15:35:35.270 [info] > git for-each-ref --format=%(refname)%00%(upstream:short)%00%(objectname)%00%(upstream:track)%00%(upstream:remotename)%00%(upstream:remoteref) refs/heads/master refs/remotes/master [2ms]
2025-06-20 15:35:35.280 [warning] [Git][revParse] Unable to read file: ENOENT: no such file or directory, open '/home/jon/ros_ws/tiago_challenge/.git/refs/remotes/origin/master'
2025-06-20 15:35:35.281 [info] > git rev-parse refs/remotes/origin/master [1ms]
2025-06-20 15:35:35.299 [info] > git status -z -uall [9ms]
2025-06-20 15:35:35.300 [info] > git for-each-ref --sort -committerdate --format %(refname) %(objectname) %(*objectname) [2ms]
2025-06-20 15:35:40.322 [info] > git config --get commit.template [9ms]
2025-06-20 15:35:40.323 [info] > git for-each-ref --format=%(refname)%00%(upstream:short)%00%(objectname)%00%(upstream:track)%00%(upstream:remotename)%00%(upstream:remoteref) refs/heads/master refs/remotes/master [2ms]
2025-06-20 15:35:40.332 [warning] [Git][revParse] Unable to read file: ENOENT: no such file or directory, open '/home/jon/ros_ws/tiago_challenge/.git/refs/remotes/origin/master'
2025-06-20 15:35:40.334 [info] > git rev-parse refs/remotes/origin/master [2ms]
2025-06-20 15:35:40.351 [info] > git status -z -uall [10ms]
2025-06-20 15:35:40.352 [info] > git for-each-ref --sort -committerdate --format %(refname) %(objectname) %(*objectname) [3ms]
2025-06-20 15:35:45.372 [info] > git config --get commit.template [9ms]
2025-06-20 15:35:45.374 [info] > git for-each-ref --format=%(refname)%00%(upstream:short)%00%(objectname)%00%(upstream:track)%00%(upstream:remotename)%00%(upstream:remoteref) refs/heads/master refs/remotes/master [2ms]
2025-06-20 15:35:45.381 [warning] [Git][revParse] Unable to read file: ENOENT: no such file or directory, open '/home/jon/ros_ws/tiago_challenge/.git/refs/remotes/origin/master'
2025-06-20 15:35:45.382 [info] > git rev-parse refs/remotes/origin/master [1ms]
2025-06-20 15:35:45.399 [info] > git status -z -uall [10ms]
2025-06-20 15:35:45.400 [info] > git for-each-ref --sort -committerdate --format %(refname) %(objectname) %(*objectname) [2ms]
2025-06-20 15:35:50.423 [info] > git config --get commit.template [9ms]
2025-06-20 15:35:50.424 [info] > git for-each-ref --format=%(refname)%00%(upstream:short)%00%(objectname)%00%(upstream:track)%00%(upstream:remotename)%00%(upstream:remoteref) refs/heads/master refs/remotes/master [2ms]
2025-06-20 15:35:50.440 [warning] [Git][revParse] Unable to read file: ENOENT: no such file or directory, open '/home/jon/ros_ws/tiago_challenge/.git/refs/remotes/origin/master'
2025-06-20 15:35:50.441 [info] > git rev-parse refs/remotes/origin/master [2ms]
2025-06-20 15:35:50.459 [info] > git status -z -uall [10ms]
2025-06-20 15:35:50.460 [info] > git for-each-ref --sort -committerdate --format %(refname) %(objectname) %(*objectname) [2ms]
2025-06-20 15:36:03.660 [info] > git config --get commit.template [7ms]
2025-06-20 15:36:03.661 [info] > git for-each-ref --format=%(refname)%00%(upstream:short)%00%(objectname)%00%(upstream:track)%00%(upstream:remotename)%00%(upstream:remoteref) refs/heads/master refs/remotes/master [2ms]
2025-06-20 15:36:03.668 [warning] [Git][revParse] Unable to read file: ENOENT: no such file or directory, open '/home/jon/ros_ws/tiago_challenge/.git/refs/remotes/origin/master'
2025-06-20 15:36:03.669 [info] > git rev-parse refs/remotes/origin/master [1ms]
2025-06-20 15:36:03.686 [info] > git status -z -uall [8ms]
2025-06-20 15:36:03.686 [info] > git for-each-ref --sort -committerdate --format %(refname) %(objectname) %(*objectname) [1ms]
2025-06-20 15:36:17.433 [info] > git config --get commit.template [8ms]
2025-06-20 15:36:17.435 [info] > git for-each-ref --format=%(refname)%00%(upstream:short)%00%(objectname)%00%(upstream:track)%00%(upstream:remotename)%00%(upstream:remoteref) refs/heads/master refs/remotes/master [2ms]
2025-06-20 15:36:17.442 [warning] [Git][revParse] Unable to read file: ENOENT: no such file or directory, open '/home/jon/ros_ws/tiago_challenge/.git/refs/remotes/origin/master'
2025-06-20 15:36:17.443 [info] > git rev-parse refs/remotes/origin/master [1ms]
2025-06-20 15:36:17.461 [info] > git status -z -uall [9ms]
2025-06-20 15:36:17.462 [info] > git for-each-ref --sort -committerdate --format %(refname) %(objectname) %(*objectname) [2ms]
2025-06-20 15:36:22.484 [info] > git config --get commit.template [9ms]
2025-06-20 15:36:22.485 [info] > git for-each-ref --format=%(refname)%00%(upstream:short)%00%(objectname)%00%(upstream:track)%00%(upstream:remotename)%00%(upstream:remoteref) refs/heads/master refs/remotes/master [2ms]
2025-06-20 15:36:22.493 [warning] [Git][revParse] Unable to read file: ENOENT: no such file or directory, open '/home/jon/ros_ws/tiago_challenge/.git/refs/remotes/origin/master'
2025-06-20 15:36:22.494 [info] > git rev-parse refs/remotes/origin/master [1ms]
2025-06-20 15:36:22.511 [info] > git status -z -uall [10ms]
2025-06-20 15:36:22.512 [info] > git for-each-ref --sort -committerdate --format %(refname) %(objectname) %(*objectname) [2ms]
2025-06-20 15:36:27.691 [info] > git config --get commit.template [9ms]
2025-06-20 15:36:27.691 [info] > git for-each-ref --format=%(refname)%00%(upstream:short)%00%(objectname)%00%(upstream:track)%00%(upstream:remotename)%00%(upstream:remoteref) refs/heads/master refs/remotes/master [2ms]
2025-06-20 15:36:27.698 [warning] [Git][revParse] Unable to read file: ENOENT: no such file or directory, open '/home/jon/ros_ws/tiago_challenge/.git/refs/remotes/origin/master'
2025-06-20 15:36:27.700 [info] > git rev-parse refs/remotes/origin/master [2ms]
2025-06-20 15:36:27.718 [info] > git status -z -uall [9ms]
2025-06-20 15:36:27.719 [info] > git for-each-ref --sort -committerdate --format %(refname) %(objectname) %(*objectname) [2ms]
2025-06-20 15:36:32.740 [info] > git config --get commit.template [8ms]
2025-06-20 15:36:32.742 [info] > git for-each-ref --format=%(refname)%00%(upstream:short)%00%(objectname)%00%(upstream:track)%00%(upstream:remotename)%00%(upstream:remoteref) refs/heads/master refs/remotes/master [3ms]
2025-06-20 15:36:32.749 [warning] [Git][revParse] Unable to read file: ENOENT: no such file or directory, open '/home/jon/ros_ws/tiago_challenge/.git/refs/remotes/origin/master'
2025-06-20 15:36:32.751 [info] > git rev-parse refs/remotes/origin/master [2ms]
2025-06-20 15:36:32.767 [info] > git status -z -uall [9ms]
2025-06-20 15:36:32.768 [info] > git for-each-ref --sort -committerdate --format %(refname) %(objectname) %(*objectname) [2ms]
2025-06-20 15:36:47.381 [info] > git config --get commit.template [8ms]
2025-06-20 15:36:47.383 [info] > git for-each-ref --format=%(refname)%00%(upstream:short)%00%(objectname)%00%(upstream:track)%00%(upstream:remotename)%00%(upstream:remoteref) refs/heads/master refs/remotes/master [2ms]
2025-06-20 15:36:47.391 [warning] [Git][revParse] Unable to read file: ENOENT: no such file or directory, open '/home/jon/ros_ws/tiago_challenge/.git/refs/remotes/origin/master'
2025-06-20 15:36:47.393 [info] > git rev-parse refs/remotes/origin/master [1ms]
2025-06-20 15:36:47.410 [info] > git status -z -uall [9ms]
2025-06-20 15:36:47.412 [info] > git for-each-ref --sort -committerdate --format %(refname) %(objectname) %(*objectname) [2ms]
2025-06-20 15:36:52.431 [info] > git config --get commit.template [9ms]
2025-06-20 15:36:52.432 [info] > git for-each-ref --format=%(refname)%00%(upstream:short)%00%(objectname)%00%(upstream:track)%00%(upstream:remotename)%00%(upstream:remoteref) refs/heads/master refs/remotes/master [2ms]
2025-06-20 15:36:52.440 [warning] [Git][revParse] Unable to read file: ENOENT: no such file or directory, open '/home/jon/ros_ws/tiago_challenge/.git/refs/remotes/origin/master'
2025-06-20 15:36:52.442 [info] > git rev-parse refs/remotes/origin/master [2ms]
2025-06-20 15:36:52.459 [info] > git status -z -uall [9ms]
2025-06-20 15:36:52.460 [info] > git for-each-ref --sort -committerdate --format %(refname) %(objectname) %(*objectname) [2ms]
2025-06-20 15:36:57.479 [info] > git config --get commit.template [8ms]
2025-06-20 15:36:57.480 [info] > git for-each-ref --format=%(refname)%00%(upstream:short)%00%(objectname)%00%(upstream:track)%00%(upstream:remotename)%00%(upstream:remoteref) refs/heads/master refs/remotes/master [2ms]
2025-06-20 15:36:57.489 [warning] [Git][revParse] Unable to read file: ENOENT: no such file or directory, open '/home/jon/ros_ws/tiago_challenge/.git/refs/remotes/origin/master'
2025-06-20 15:36:57.491 [info] > git rev-parse refs/remotes/origin/master [1ms]
2025-06-20 15:36:57.506 [info] > git status -z -uall [8ms]
2025-06-20 15:36:57.507 [info] > git for-each-ref --sort -committerdate --format %(refname) %(objectname) %(*objectname) [2ms]
2025-06-20 15:37:03.671 [info] > git config --get commit.template [9ms]
2025-06-20 15:37:03.673 [info] > git for-each-ref --format=%(refname)%00%(upstream:short)%00%(objectname)%00%(upstream:track)%00%(upstream:remotename)%00%(upstream:remoteref) refs/heads/master refs/remotes/master [3ms]
2025-06-20 15:37:03.681 [warning] [Git][revParse] Unable to read file: ENOENT: no such file or directory, open '/home/jon/ros_ws/tiago_challenge/.git/refs/remotes/origin/master'
2025-06-20 15:37:03.682 [info] > git rev-parse refs/remotes/origin/master [1ms]
2025-06-20 15:37:03.697 [info] > git status -z -uall [7ms]
2025-06-20 15:37:03.698 [info] > git for-each-ref --sort -committerdate --format %(refname) %(objectname) %(*objectname) [2ms]
2025-06-20 15:37:25.125 [info] > git config --get commit.template [8ms]
2025-06-20 15:37:25.127 [info] > git for-each-ref --format=%(refname)%00%(upstream:short)%00%(objectname)%00%(upstream:track)%00%(upstream:remotename)%00%(upstream:remoteref) refs/heads/master refs/remotes/master [2ms]
2025-06-20 15:37:25.135 [warning] [Git][revParse] Unable to read file: ENOENT: no such file or directory, open '/home/jon/ros_ws/tiago_challenge/.git/refs/remotes/origin/master'
2025-06-20 15:37:25.136 [info] > git rev-parse refs/remotes/origin/master [1ms]
2025-06-20 15:37:25.153 [info] > git status -z -uall [8ms]
2025-06-20 15:37:25.155 [info] > git for-each-ref --sort -committerdate --format %(refname) %(objectname) %(*objectname) [2ms]
2025-06-20 15:37:33.629 [info] > git config --get commit.template [9ms]
2025-06-20 15:37:33.630 [info] > git for-each-ref --format=%(refname)%00%(upstream:short)%00%(objectname)%00%(upstream:track)%00%(upstream:remotename)%00%(upstream:remoteref) refs/heads/master refs/remotes/master [2ms]
2025-06-20 15:37:33.638 [warning] [Git][revParse] Unable to read file: ENOENT: no such file or directory, open '/home/jon/ros_ws/tiago_challenge/.git/refs/remotes/origin/master'
2025-06-20 15:37:33.639 [info] > git rev-parse refs/remotes/origin/master [1ms]
2025-06-20 15:37:33.657 [info] > git status -z -uall [10ms]
2025-06-20 15:37:33.658 [info] > git for-each-ref --sort -committerdate --format %(refname) %(objectname) %(*objectname) [2ms]
2025-06-20 15:37:38.677 [info] > git config --get commit.template [7ms]
2025-06-20 15:37:38.679 [info] > git for-each-ref --format=%(refname)%00%(upstream:short)%00%(objectname)%00%(upstream:track)%00%(upstream:remotename)%00%(upstream:remoteref) refs/heads/master refs/remotes/master [2ms]
2025-06-20 15:37:38.686 [warning] [Git][revParse] Unable to read file: ENOENT: no such file or directory, open '/home/jon/ros_ws/tiago_challenge/.git/refs/remotes/origin/master'
2025-06-20 15:37:38.688 [info] > git rev-parse refs/remotes/origin/master [2ms]
2025-06-20 15:37:38.703 [info] > git status -z -uall [8ms]
2025-06-20 15:37:38.705 [info] > git for-each-ref --sort -committerdate --format %(refname) %(objectname) %(*objectname) [1ms]
2025-06-20 15:37:51.508 [info] > git config --get commit.template [7ms]
2025-06-20 15:37:51.509 [info] > git for-each-ref --format=%(refname)%00%(upstream:short)%00%(objectname)%00%(upstream:track)%00%(upstream:remotename)%00%(upstream:remoteref) refs/heads/master refs/remotes/master [2ms]
2025-06-20 15:37:51.517 [warning] [Git][revParse] Unable to read file: ENOENT: no such file or directory, open '/home/jon/ros_ws/tiago_challenge/.git/refs/remotes/origin/master'
2025-06-20 15:37:51.518 [info] > git rev-parse refs/remotes/origin/master [1ms]
2025-06-20 15:37:51.534 [info] > git status -z -uall [8ms]
2025-06-20 15:37:51.535 [info] > git for-each-ref --sort -committerdate --format %(refname) %(objectname) %(*objectname) [1ms]
2025-06-20 15:37:56.553 [info] > git config --get commit.template [8ms]
2025-06-20 15:37:56.555 [info] > git for-each-ref --format=%(refname)%00%(upstream:short)%00%(objectname)%00%(upstream:track)%00%(upstream:remotename)%00%(upstream:remoteref) refs/heads/master refs/remotes/master [2ms]
2025-06-20 15:37:56.561 [warning] [Git][revParse] Unable to read file: ENOENT: no such file or directory, open '/home/jon/ros_ws/tiago_challenge/.git/refs/remotes/origin/master'
2025-06-20 15:37:56.563 [info] > git rev-parse refs/remotes/origin/master [2ms]
2025-06-20 15:37:56.578 [info] > git status -z -uall [7ms]
2025-06-20 15:37:56.580 [info] > git for-each-ref --sort -committerdate --format %(refname) %(objectname) %(*objectname) [2ms]
2025-06-20 15:38:01.599 [info] > git config --get commit.template [8ms]
2025-06-20 15:38:01.600 [info] > git for-each-ref --format=%(refname)%00%(upstream:short)%00%(objectname)%00%(upstream:track)%00%(upstream:remotename)%00%(upstream:remoteref) refs/heads/master refs/remotes/master [2ms]
2025-06-20 15:38:01.609 [warning] [Git][revParse] Unable to read file: ENOENT: no such file or directory, open '/home/jon/ros_ws/tiago_challenge/.git/refs/remotes/origin/master'
2025-06-20 15:38:01.611 [info] > git rev-parse refs/remotes/origin/master [2ms]
2025-06-20 15:38:01.628 [info] > git status -z -uall [9ms]
2025-06-20 15:38:01.629 [info] > git for-each-ref --sort -committerdate --format %(refname) %(objectname) %(*objectname) [2ms]
2025-06-20 15:38:06.648 [info] > git config --get commit.template [8ms]
2025-06-20 15:38:06.649 [info] > git for-each-ref --format=%(refname)%00%(upstream:short)%00%(objectname)%00%(upstream:track)%00%(upstream:remotename)%00%(upstream:remoteref) refs/heads/master refs/remotes/master [2ms]
2025-06-20 15:38:06.657 [warning] [Git][revParse] Unable to read file: ENOENT: no such file or directory, open '/home/jon/ros_ws/tiago_challenge/.git/refs/remotes/origin/master'
2025-06-20 15:38:06.658 [info] > git rev-parse refs/remotes/origin/master [1ms]
2025-06-20 15:38:06.674 [info] > git status -z -uall [8ms]
2025-06-20 15:38:06.675 [info] > git for-each-ref --sort -committerdate --format %(refname) %(objectname) %(*objectname) [2ms]
2025-06-20 15:38:11.699 [info] > git config --get commit.template [9ms]
2025-06-20 15:38:11.700 [info] > git for-each-ref --format=%(refname)%00%(upstream:short)%00%(objectname)%00%(upstream:track)%00%(upstream:remotename)%00%(upstream:remoteref) refs/heads/master refs/remotes/master [2ms]
2025-06-20 15:38:11.715 [warning] [Git][revParse] Unable to read file: ENOENT: no such file or directory, open '/home/jon/ros_ws/tiago_challenge/.git/refs/remotes/origin/master'
2025-06-20 15:38:11.717 [info] > git rev-parse refs/remotes/origin/master [2ms]
2025-06-20 15:38:11.734 [info] > git status -z -uall [9ms]
2025-06-20 15:38:11.735 [info] > git for-each-ref --sort -committerdate --format %(refname) %(objectname) %(*objectname) [2ms]
2025-06-20 15:38:26.289 [info] > git config --get commit.template [9ms]
2025-06-20 15:38:26.290 [info] > git for-each-ref --format=%(refname)%00%(upstream:short)%00%(objectname)%00%(upstream:track)%00%(upstream:remotename)%00%(upstream:remoteref) refs/heads/master refs/remotes/master [2ms]
2025-06-20 15:38:26.298 [warning] [Git][revParse] Unable to read file: ENOENT: no such file or directory, open '/home/jon/ros_ws/tiago_challenge/.git/refs/remotes/origin/master'
2025-06-20 15:38:26.299 [info] > git rev-parse refs/remotes/origin/master [1ms]
2025-06-20 15:38:26.316 [info] > git status -z -uall [9ms]
2025-06-20 15:38:26.318 [info] > git for-each-ref --sort -committerdate --format %(refname) %(objectname) %(*objectname) [3ms]
2025-06-20 15:38:40.654 [info] > git config --get commit.template [9ms]
2025-06-20 15:38:40.655 [info] > git for-each-ref --format=%(refname)%00%(upstream:short)%00%(objectname)%00%(upstream:track)%00%(upstream:remotename)%00%(upstream:remoteref) refs/heads/master refs/remotes/master [2ms]
2025-06-20 15:38:40.662 [warning] [Git][revParse] Unable to read file: ENOENT: no such file or directory, open '/home/jon/ros_ws/tiago_challenge/.git/refs/remotes/origin/master'
2025-06-20 15:38:40.664 [info] > git rev-parse refs/remotes/origin/master [2ms]
2025-06-20 15:38:40.680 [info] > git status -z -uall [9ms]
2025-06-20 15:38:40.681 [info] > git for-each-ref --sort -committerdate --format %(refname) %(objectname) %(*objectname) [3ms]
2025-06-20 15:38:45.701 [info] > git config --get commit.template [8ms]
2025-06-20 15:38:45.702 [info] > git for-each-ref --format=%(refname)%00%(upstream:short)%00%(objectname)%00%(upstream:track)%00%(upstream:remotename)%00%(upstream:remoteref) refs/heads/master refs/remotes/master [2ms]
2025-06-20 15:38:45.709 [warning] [Git][revParse] Unable to read file: ENOENT: no such file or directory, open '/home/jon/ros_ws/tiago_challenge/.git/refs/remotes/origin/master'
2025-06-20 15:38:45.711 [info] > git rev-parse refs/remotes/origin/master [2ms]
2025-06-20 15:38:45.727 [info] > git status -z -uall [10ms]
2025-06-20 15:38:45.728 [info] > git for-each-ref --sort -committerdate --format %(refname) %(objectname) %(*objectname) [2ms]
2025-06-20 15:38:50.747 [info] > git config --get commit.template [9ms]
2025-06-20 15:38:50.748 [info] > git for-each-ref --format=%(refname)%00%(upstream:short)%00%(objectname)%00%(upstream:track)%00%(upstream:remotename)%00%(upstream:remoteref) refs/heads/master refs/remotes/master [1ms]
2025-06-20 15:38:50.756 [warning] [Git][revParse] Unable to read file: ENOENT: no such file or directory, open '/home/jon/ros_ws/tiago_challenge/.git/refs/remotes/origin/master'
2025-06-20 15:38:50.757 [info] > git rev-parse refs/remotes/origin/master [2ms]
2025-06-20 15:38:50.774 [info] > git status -z -uall [10ms]
2025-06-20 15:38:50.775 [info] > git for-each-ref --sort -committerdate --format %(refname) %(objectname) %(*objectname) [2ms]
2025-06-20 15:38:55.796 [info] > git config --get commit.template [9ms]
2025-06-20 15:38:55.797 [info] > git for-each-ref --format=%(refname)%00%(upstream:short)%00%(objectname)%00%(upstream:track)%00%(upstream:remotename)%00%(upstream:remoteref) refs/heads/master refs/remotes/master [2ms]
2025-06-20 15:38:55.807 [warning] [Git][revParse] Unable to read file: ENOENT: no such file or directory, open '/home/jon/ros_ws/tiago_challenge/.git/refs/remotes/origin/master'
2025-06-20 15:38:55.809 [info] > git rev-parse refs/remotes/origin/master [2ms]
2025-06-20 15:38:55.829 [info] > git status -z -uall [12ms]
2025-06-20 15:38:55.830 [info] > git for-each-ref --sort -committerdate --format %(refname) %(objectname) %(*objectname) [3ms]
2025-06-20 15:39:03.669 [info] > git config --get commit.template [8ms]
2025-06-20 15:39:03.670 [info] > git for-each-ref --format=%(refname)%00%(upstream:short)%00%(objectname)%00%(upstream:track)%00%(upstream:remotename)%00%(upstream:remoteref) refs/heads/master refs/remotes/master [2ms]
2025-06-20 15:39:03.679 [warning] [Git][revParse] Unable to read file: ENOENT: no such file or directory, open '/home/jon/ros_ws/tiago_challenge/.git/refs/remotes/origin/master'
2025-06-20 15:39:03.681 [info] > git rev-parse refs/remotes/origin/master [2ms]
2025-06-20 15:39:03.700 [info] > git status -z -uall [11ms]
2025-06-20 15:39:03.701 [info] > git for-each-ref --sort -committerdate --format %(refname) %(objectname) %(*objectname) [3ms]
2025-06-20 15:39:08.722 [info] > git config --get commit.template [7ms]
2025-06-20 15:39:08.723 [info] > git for-each-ref --format=%(refname)%00%(upstream:short)%00%(objectname)%00%(upstream:track)%00%(upstream:remotename)%00%(upstream:remoteref) refs/heads/master refs/remotes/master [1ms]
2025-06-20 15:39:08.732 [warning] [Git][revParse] Unable to read file: ENOENT: no such file or directory, open '/home/jon/ros_ws/tiago_challenge/.git/refs/remotes/origin/master'
2025-06-20 15:39:08.734 [info] > git rev-parse refs/remotes/origin/master [2ms]
2025-06-20 15:39:08.749 [info] > git status -z -uall [8ms]
2025-06-20 15:39:08.750 [info] > git for-each-ref --sort -committerdate --format %(refname) %(objectname) %(*objectname) [1ms]
2025-06-20 15:39:32.885 [info] > git config --get commit.template [8ms]
2025-06-20 15:39:32.886 [info] > git for-each-ref --format=%(refname)%00%(upstream:short)%00%(objectname)%00%(upstream:track)%00%(upstream:remotename)%00%(upstream:remoteref) refs/heads/master refs/remotes/master [2ms]
2025-06-20 15:39:32.894 [warning] [Git][revParse] Unable to read file: ENOENT: no such file or directory, open '/home/jon/ros_ws/tiago_challenge/.git/refs/remotes/origin/master'
2025-06-20 15:39:32.895 [info] > git rev-parse refs/remotes/origin/master [1ms]
2025-06-20 15:39:32.913 [info] > git status -z -uall [10ms]
2025-06-20 15:39:32.914 [info] > git for-each-ref --sort -committerdate --format %(refname) %(objectname) %(*objectname) [2ms]
2025-06-20 15:39:39.656 [info] > git config --get commit.template [8ms]
2025-06-20 15:39:39.658 [info] > git for-each-ref --format=%(refname)%00%(upstream:short)%00%(objectname)%00%(upstream:track)%00%(upstream:remotename)%00%(upstream:remoteref) refs/heads/master refs/remotes/master [1ms]
2025-06-20 15:39:39.665 [warning] [Git][revParse] Unable to read file: ENOENT: no such file or directory, open '/home/jon/ros_ws/tiago_challenge/.git/refs/remotes/origin/master'
2025-06-20 15:39:39.666 [info] > git rev-parse refs/remotes/origin/master [2ms]
2025-06-20 15:39:39.682 [info] > git status -z -uall [9ms]
2025-06-20 15:39:39.683 [info] > git for-each-ref --sort -committerdate --format %(refname) %(objectname) %(*objectname) [2ms]
2025-06-20 15:39:44.703 [info] > git config --get commit.template [9ms]
2025-06-20 15:39:44.704 [info] > git for-each-ref --format=%(refname)%00%(upstream:short)%00%(objectname)%00%(upstream:track)%00%(upstream:remotename)%00%(upstream:remoteref) refs/heads/master refs/remotes/master [2ms]
2025-06-20 15:39:44.712 [warning] [Git][revParse] Unable to read file: ENOENT: no such file or directory, open '/home/jon/ros_ws/tiago_challenge/.git/refs/remotes/origin/master'
2025-06-20 15:39:44.713 [info] > git rev-parse refs/remotes/origin/master [1ms]
2025-06-20 15:39:44.731 [info] > git status -z -uall [10ms]
2025-06-20 15:39:44.732 [info] > git for-each-ref --sort -committerdate --format %(refname) %(objectname) %(*objectname) [3ms]
2025-06-20 15:39:49.752 [info] > git config --get commit.template [8ms]
2025-06-20 15:39:49.754 [info] > git for-each-ref --format=%(refname)%00%(upstream:short)%00%(objectname)%00%(upstream:track)%00%(upstream:remotename)%00%(upstream:remoteref) refs/heads/master refs/remotes/master [2ms]
2025-06-20 15:39:49.760 [warning] [Git][revParse] Unable to read file: ENOENT: no such file or directory, open '/home/jon/ros_ws/tiago_challenge/.git/refs/remotes/origin/master'
2025-06-20 15:39:49.762 [info] > git rev-parse refs/remotes/origin/master [2ms]
2025-06-20 15:39:49.780 [info] > git status -z -uall [10ms]
2025-06-20 15:39:49.781 [info] > git for-each-ref --sort -committerdate --format %(refname) %(objectname) %(*objectname) [2ms]
2025-06-20 15:39:54.802 [info] > git config --get commit.template [8ms]
2025-06-20 15:39:54.804 [info] > git for-each-ref --format=%(refname)%00%(upstream:short)%00%(objectname)%00%(upstream:track)%00%(upstream:remotename)%00%(upstream:remoteref) refs/heads/master refs/remotes/master [2ms]
2025-06-20 15:39:54.819 [warning] [Git][revParse] Unable to read file: ENOENT: no such file or directory, open '/home/jon/ros_ws/tiago_challenge/.git/refs/remotes/origin/master'
2025-06-20 15:39:54.821 [info] > git rev-parse refs/remotes/origin/master [2ms]
2025-06-20 15:39:54.838 [info] > git status -z -uall [9ms]
2025-06-20 15:39:54.838 [info] > git for-each-ref --sort -committerdate --format %(refname) %(objectname) %(*objectname) [1ms]
2025-06-20 15:40:03.671 [info] > git config --get commit.template [7ms]
2025-06-20 15:40:03.673 [info] > git for-each-ref --format=%(refname)%00%(upstream:short)%00%(objectname)%00%(upstream:track)%00%(upstream:remotename)%00%(upstream:remoteref) refs/heads/master refs/remotes/master [2ms]
2025-06-20 15:40:03.680 [warning] [Git][revParse] Unable to read file: ENOENT: no such file or directory, open '/home/jon/ros_ws/tiago_challenge/.git/refs/remotes/origin/master'
2025-06-20 15:40:03.682 [info] > git rev-parse refs/remotes/origin/master [2ms]
2025-06-20 15:40:03.699 [info] > git status -z -uall [9ms]
2025-06-20 15:40:03.700 [info] > git for-each-ref --sort -committerdate --format %(refname) %(objectname) %(*objectname) [2ms]
2025-06-20 15:40:08.719 [info] > git config --get commit.template [7ms]
2025-06-20 15:40:08.720 [info] > git for-each-ref --format=%(refname)%00%(upstream:short)%00%(objectname)%00%(upstream:track)%00%(upstream:remotename)%00%(upstream:remoteref) refs/heads/master refs/remotes/master [2ms]
2025-06-20 15:40:08.727 [warning] [Git][revParse] Unable to read file: ENOENT: no such file or directory, open '/home/jon/ros_ws/tiago_challenge/.git/refs/remotes/origin/master'
2025-06-20 15:40:08.729 [info] > git rev-parse refs/remotes/origin/master [2ms]
2025-06-20 15:40:08.744 [info] > git status -z -uall [9ms]
2025-06-20 15:40:08.746 [info] > git for-each-ref --sort -committerdate --format %(refname) %(objectname) %(*objectname) [2ms]
2025-06-20 15:40:18.723 [info] > git config --get commit.template [10ms]
2025-06-20 15:40:18.724 [info] > git for-each-ref --format=%(refname)%00%(upstream:short)%00%(objectname)%00%(upstream:track)%00%(upstream:remotename)%00%(upstream:remoteref) refs/heads/master refs/remotes/master [3ms]
2025-06-20 15:40:18.733 [warning] [Git][revParse] Unable to read file: ENOENT: no such file or directory, open '/home/jon/ros_ws/tiago_challenge/.git/refs/remotes/origin/master'
2025-06-20 15:40:18.734 [info] > git rev-parse refs/remotes/origin/master [1ms]
2025-06-20 15:40:18.751 [info] > git status -z -uall [9ms]
2025-06-20 15:40:18.752 [info] > git for-each-ref --sort -committerdate --format %(refname) %(objectname) %(*objectname) [2ms]
2025-06-20 15:40:23.855 [info] > git config --get commit.template [9ms]
2025-06-20 15:40:23.857 [info] > git for-each-ref --format=%(refname)%00%(upstream:short)%00%(objectname)%00%(upstream:track)%00%(upstream:remotename)%00%(upstream:remoteref) refs/heads/master refs/remotes/master [2ms]
2025-06-20 15:40:23.864 [warning] [Git][revParse] Unable to read file: ENOENT: no such file or directory, open '/home/jon/ros_ws/tiago_challenge/.git/refs/remotes/origin/master'
2025-06-20 15:40:23.866 [info] > git rev-parse refs/remotes/origin/master [2ms]
2025-06-20 15:40:23.882 [info] > git status -z -uall [10ms]
2025-06-20 15:40:23.882 [info] > git for-each-ref --sort -committerdate --format %(refname) %(objectname) %(*objectname) [2ms]
2025-06-20 15:41:03.675 [info] > git config --get commit.template [8ms]
2025-06-20 15:41:03.677 [info] > git for-each-ref --format=%(refname)%00%(upstream:short)%00%(objectname)%00%(upstream:track)%00%(upstream:remotename)%00%(upstream:remoteref) refs/heads/master refs/remotes/master [2ms]
2025-06-20 15:41:03.684 [warning] [Git][revParse] Unable to read file: ENOENT: no such file or directory, open '/home/jon/ros_ws/tiago_challenge/.git/refs/remotes/origin/master'
2025-06-20 15:41:03.686 [info] > git rev-parse refs/remotes/origin/master [2ms]
2025-06-20 15:41:03.702 [info] > git status -z -uall [9ms]
2025-06-20 15:41:03.703 [info] > git for-each-ref --sort -committerdate --format %(refname) %(objectname) %(*objectname) [2ms]
2025-06-20 15:41:15.071 [info] > git config --get commit.template [8ms]
2025-06-20 15:41:15.073 [info] > git for-each-ref --format=%(refname)%00%(upstream:short)%00%(objectname)%00%(upstream:track)%00%(upstream:remotename)%00%(upstream:remoteref) refs/heads/master refs/remotes/master [2ms]
2025-06-20 15:41:15.080 [warning] [Git][revParse] Unable to read file: ENOENT: no such file or directory, open '/home/jon/ros_ws/tiago_challenge/.git/refs/remotes/origin/master'
2025-06-20 15:41:15.082 [info] > git rev-parse refs/remotes/origin/master [2ms]
2025-06-20 15:41:15.098 [info] > git status -z -uall [9ms]
2025-06-20 15:41:15.100 [info] > git for-each-ref --sort -committerdate --format %(refname) %(objectname) %(*objectname) [2ms]
2025-06-20 15:41:28.584 [info] > git config --get commit.template [9ms]
2025-06-20 15:41:28.585 [info] > git for-each-ref --format=%(refname)%00%(upstream:short)%00%(objectname)%00%(upstream:track)%00%(upstream:remotename)%00%(upstream:remoteref) refs/heads/master refs/remotes/master [2ms]
2025-06-20 15:41:28.593 [warning] [Git][revParse] Unable to read file: ENOENT: no such file or directory, open '/home/jon/ros_ws/tiago_challenge/.git/refs/remotes/origin/master'
2025-06-20 15:41:28.594 [info] > git rev-parse refs/remotes/origin/master [1ms]
2025-06-20 15:41:28.611 [info] > git status -z -uall [8ms]
2025-06-20 15:41:28.612 [info] > git for-each-ref --sort -committerdate --format %(refname) %(objectname) %(*objectname) [2ms]
2025-06-20 15:41:41.719 [info] > git config --get commit.template [8ms]
2025-06-20 15:41:41.721 [info] > git for-each-ref --format=%(refname)%00%(upstream:short)%00%(objectname)%00%(upstream:track)%00%(upstream:remotename)%00%(upstream:remoteref) refs/heads/master refs/remotes/master [2ms]
2025-06-20 15:41:41.728 [warning] [Git][revParse] Unable to read file: ENOENT: no such file or directory, open '/home/jon/ros_ws/tiago_challenge/.git/refs/remotes/origin/master'
2025-06-20 15:41:41.729 [info] > git rev-parse refs/remotes/origin/master [1ms]
2025-06-20 15:41:41.746 [info] > git status -z -uall [9ms]
2025-06-20 15:41:41.747 [info] > git for-each-ref --sort -committerdate --format %(refname) %(objectname) %(*objectname) [2ms]
2025-06-20 15:41:46.766 [info] > git config --get commit.template [7ms]
2025-06-20 15:41:46.768 [info] > git for-each-ref --format=%(refname)%00%(upstream:short)%00%(objectname)%00%(upstream:track)%00%(upstream:remotename)%00%(upstream:remoteref) refs/heads/master refs/remotes/master [2ms]
2025-06-20 15:41:46.775 [warning] [Git][revParse] Unable to read file: ENOENT: no such file or directory, open '/home/jon/ros_ws/tiago_challenge/.git/refs/remotes/origin/master'
2025-06-20 15:41:46.776 [info] > git rev-parse refs/remotes/origin/master [2ms]
2025-06-20 15:41:46.794 [info] > git status -z -uall [10ms]
2025-06-20 15:41:46.795 [info] > git for-each-ref --sort -committerdate --format %(refname) %(objectname) %(*objectname) [2ms]
2025-06-20 15:41:51.817 [info] > git config --get commit.template [9ms]
2025-06-20 15:41:51.818 [info] > git for-each-ref --format=%(refname)%00%(upstream:short)%00%(objectname)%00%(upstream:track)%00%(upstream:remotename)%00%(upstream:remoteref) refs/heads/master refs/remotes/master [2ms]
2025-06-20 15:41:51.826 [warning] [Git][revParse] Unable to read file: ENOENT: no such file or directory, open '/home/jon/ros_ws/tiago_challenge/.git/refs/remotes/origin/master'
2025-06-20 15:41:51.828 [info] > git rev-parse refs/remotes/origin/master [2ms]
2025-06-20 15:41:51.845 [info] > git status -z -uall [8ms]
2025-06-20 15:41:51.847 [info] > git for-each-ref --sort -committerdate --format %(refname) %(objectname) %(*objectname) [2ms]
2025-06-20 15:41:56.868 [info] > git config --get commit.template [10ms]
2025-06-20 15:41:56.869 [info] > git for-each-ref --format=%(refname)%00%(upstream:short)%00%(objectname)%00%(upstream:track)%00%(upstream:remotename)%00%(upstream:remoteref) refs/heads/master refs/remotes/master [2ms]
2025-06-20 15:41:56.876 [warning] [Git][revParse] Unable to read file: ENOENT: no such file or directory, open '/home/jon/ros_ws/tiago_challenge/.git/refs/remotes/origin/master'
2025-06-20 15:41:56.878 [info] > git rev-parse refs/remotes/origin/master [2ms]
2025-06-20 15:41:56.894 [info] > git status -z -uall [9ms]
2025-06-20 15:41:56.895 [info] > git for-each-ref --sort -committerdate --format %(refname) %(objectname) %(*objectname) [2ms]
2025-06-20 15:42:01.918 [info] > git config --get commit.template [10ms]
2025-06-20 15:42:01.919 [info] > git for-each-ref --format=%(refname)%00%(upstream:short)%00%(objectname)%00%(upstream:track)%00%(upstream:remotename)%00%(upstream:remoteref) refs/heads/master refs/remotes/master [2ms]
2025-06-20 15:42:01.926 [warning] [Git][revParse] Unable to read file: ENOENT: no such file or directory, open '/home/jon/ros_ws/tiago_challenge/.git/refs/remotes/origin/master'
2025-06-20 15:42:01.928 [info] > git rev-parse refs/remotes/origin/master [2ms]
2025-06-20 15:42:01.944 [info] > git status -z -uall [9ms]
2025-06-20 15:42:01.946 [info] > git for-each-ref --sort -committerdate --format %(refname) %(objectname) %(*objectname) [1ms]
2025-06-20 15:42:06.964 [info] > git config --get commit.template [8ms]
2025-06-20 15:42:06.965 [info] > git for-each-ref --format=%(refname)%00%(upstream:short)%00%(objectname)%00%(upstream:track)%00%(upstream:remotename)%00%(upstream:remoteref) refs/heads/master refs/remotes/master [2ms]
2025-06-20 15:42:06.972 [warning] [Git][revParse] Unable to read file: ENOENT: no such file or directory, open '/home/jon/ros_ws/tiago_challenge/.git/refs/remotes/origin/master'
2025-06-20 15:42:06.974 [info] > git rev-parse refs/remotes/origin/master [2ms]
2025-06-20 15:42:06.990 [info] > git status -z -uall [9ms]
2025-06-20 15:42:06.991 [info] > git for-each-ref --sort -committerdate --format %(refname) %(objectname) %(*objectname) [2ms]
2025-06-20 15:42:34.124 [info] > git config --get commit.template [8ms]
2025-06-20 15:42:34.125 [info] > git for-each-ref --format=%(refname)%00%(upstream:short)%00%(objectname)%00%(upstream:track)%00%(upstream:remotename)%00%(upstream:remoteref) refs/heads/master refs/remotes/master [2ms]
2025-06-20 15:42:34.132 [warning] [Git][revParse] Unable to read file: ENOENT: no such file or directory, open '/home/jon/ros_ws/tiago_challenge/.git/refs/remotes/origin/master'
2025-06-20 15:42:34.134 [info] > git rev-parse refs/remotes/origin/master [2ms]
2025-06-20 15:42:34.151 [info] > git status -z -uall [9ms]
2025-06-20 15:42:34.153 [info] > git for-each-ref --sort -committerdate --format %(refname) %(objectname) %(*objectname) [3ms]
2025-06-20 15:42:40.891 [info] > git config --get commit.template [9ms]
2025-06-20 15:42:40.892 [info] > git for-each-ref --format=%(refname)%00%(upstream:short)%00%(objectname)%00%(upstream:track)%00%(upstream:remotename)%00%(upstream:remoteref) refs/heads/master refs/remotes/master [2ms]
2025-06-20 15:42:40.900 [warning] [Git][revParse] Unable to read file: ENOENT: no such file or directory, open '/home/jon/ros_ws/tiago_challenge/.git/refs/remotes/origin/master'
2025-06-20 15:42:40.902 [info] > git rev-parse refs/remotes/origin/master [2ms]
2025-06-20 15:42:40.923 [info] > git status -z -uall [11ms]
2025-06-20 15:42:40.924 [info] > git for-each-ref --sort -committerdate --format %(refname) %(objectname) %(*objectname) [2ms]
2025-06-20 15:42:45.945 [info] > git config --get commit.template [9ms]
2025-06-20 15:42:45.946 [info] > git for-each-ref --format=%(refname)%00%(upstream:short)%00%(objectname)%00%(upstream:track)%00%(upstream:remotename)%00%(upstream:remoteref) refs/heads/master refs/remotes/master [2ms]
2025-06-20 15:42:45.954 [warning] [Git][revParse] Unable to read file: ENOENT: no such file or directory, open '/home/jon/ros_ws/tiago_challenge/.git/refs/remotes/origin/master'
2025-06-20 15:42:45.956 [info] > git rev-parse refs/remotes/origin/master [2ms]
2025-06-20 15:42:45.974 [info] > git status -z -uall [10ms]
2025-06-20 15:42:45.975 [info] > git for-each-ref --sort -committerdate --format %(refname) %(objectname) %(*objectname) [2ms]
2025-06-20 15:43:10.258 [info] > git config --get commit.template [12ms]
2025-06-20 15:43:10.260 [info] > git for-each-ref --format=%(refname)%00%(upstream:short)%00%(objectname)%00%(upstream:track)%00%(upstream:remotename)%00%(upstream:remoteref) refs/heads/master refs/remotes/master [3ms]
2025-06-20 15:43:10.269 [warning] [Git][revParse] Unable to read file: ENOENT: no such file or directory, open '/home/jon/ros_ws/tiago_challenge/.git/refs/remotes/origin/master'
2025-06-20 15:43:10.271 [info] > git rev-parse refs/remotes/origin/master [2ms]
2025-06-20 15:43:10.290 [info] > git status -z -uall [10ms]
2025-06-20 15:43:10.292 [info] > git for-each-ref --sort -committerdate --format %(refname) %(objectname) %(*objectname) [3ms]
2025-06-20 15:43:15.318 [info] > git config --get commit.template [10ms]
2025-06-20 15:43:15.320 [info] > git for-each-ref --format=%(refname)%00%(upstream:short)%00%(objectname)%00%(upstream:track)%00%(upstream:remotename)%00%(upstream:remoteref) refs/heads/master refs/remotes/master [2ms]
2025-06-20 15:43:15.336 [warning] [Git][revParse] Unable to read file: ENOENT: no such file or directory, open '/home/jon/ros_ws/tiago_challenge/.git/refs/remotes/origin/master'
2025-06-20 15:43:15.338 [info] > git rev-parse refs/remotes/origin/master [2ms]
2025-06-20 15:43:15.357 [info] > git status -z -uall [11ms]
2025-06-20 15:43:15.359 [info] > git for-each-ref --sort -committerdate --format %(refname) %(objectname) %(*objectname) [3ms]
2025-06-20 15:43:24.473 [info] > git config --get commit.template [9ms]
2025-06-20 15:43:24.475 [info] > git for-each-ref --format=%(refname)%00%(upstream:short)%00%(objectname)%00%(upstream:track)%00%(upstream:remotename)%00%(upstream:remoteref) refs/heads/master refs/remotes/master [2ms]
2025-06-20 15:43:24.482 [warning] [Git][revParse] Unable to read file: ENOENT: no such file or directory, open '/home/jon/ros_ws/tiago_challenge/.git/refs/remotes/origin/master'
2025-06-20 15:43:24.483 [info] > git rev-parse refs/remotes/origin/master [1ms]
2025-06-20 15:43:24.501 [info] > git status -z -uall [9ms]
2025-06-20 15:43:24.502 [info] > git for-each-ref --sort -committerdate --format %(refname) %(objectname) %(*objectname) [2ms]
2025-06-20 15:43:29.522 [info] > git config --get commit.template [7ms]
2025-06-20 15:43:29.523 [info] > git for-each-ref --format=%(refname)%00%(upstream:short)%00%(objectname)%00%(upstream:track)%00%(upstream:remotename)%00%(upstream:remoteref) refs/heads/master refs/remotes/master [2ms]
2025-06-20 15:43:29.530 [warning] [Git][revParse] Unable to read file: ENOENT: no such file or directory, open '/home/jon/ros_ws/tiago_challenge/.git/refs/remotes/origin/master'
2025-06-20 15:43:29.532 [info] > git rev-parse refs/remotes/origin/master [2ms]
2025-06-20 15:43:29.550 [info] > git status -z -uall [10ms]
2025-06-20 15:43:29.552 [info] > git for-each-ref --sort -committerdate --format %(refname) %(objectname) %(*objectname) [2ms]
2025-06-20 15:43:34.574 [info] > git config --get commit.template [9ms]
2025-06-20 15:43:34.575 [info] > git for-each-ref --format=%(refname)%00%(upstream:short)%00%(objectname)%00%(upstream:track)%00%(upstream:remotename)%00%(upstream:remoteref) refs/heads/master refs/remotes/master [2ms]
2025-06-20 15:43:34.584 [warning] [Git][revParse] Unable to read file: ENOENT: no such file or directory, open '/home/jon/ros_ws/tiago_challenge/.git/refs/remotes/origin/master'
2025-06-20 15:43:34.585 [info] > git rev-parse refs/remotes/origin/master [1ms]
2025-06-20 15:43:34.602 [info] > git status -z -uall [9ms]
2025-06-20 15:43:34.603 [info] > git for-each-ref --sort -committerdate --format %(refname) %(objectname) %(*objectname) [2ms]
2025-06-20 15:43:43.409 [info] > git config --get commit.template [8ms]
2025-06-20 15:43:43.410 [info] > git for-each-ref --format=%(refname)%00%(upstream:short)%00%(objectname)%00%(upstream:track)%00%(upstream:remotename)%00%(upstream:remoteref) refs/heads/master refs/remotes/master [2ms]
2025-06-20 15:43:43.418 [warning] [Git][revParse] Unable to read file: ENOENT: no such file or directory, open '/home/jon/ros_ws/tiago_challenge/.git/refs/remotes/origin/master'
2025-06-20 15:43:43.419 [info] > git rev-parse refs/remotes/origin/master [1ms]
2025-06-20 15:43:43.434 [info] > git status -z -uall [8ms]
2025-06-20 15:43:43.436 [info] > git for-each-ref --sort -committerdate --format %(refname) %(objectname) %(*objectname) [3ms]
2025-06-20 15:43:48.457 [info] > git config --get commit.template [9ms]
2025-06-20 15:43:48.458 [info] > git for-each-ref --format=%(refname)%00%(upstream:short)%00%(objectname)%00%(upstream:track)%00%(upstream:remotename)%00%(upstream:remoteref) refs/heads/master refs/remotes/master [1ms]
2025-06-20 15:43:48.465 [warning] [Git][revParse] Unable to read file: ENOENT: no such file or directory, open '/home/jon/ros_ws/tiago_challenge/.git/refs/remotes/origin/master'
2025-06-20 15:43:48.467 [info] > git rev-parse refs/remotes/origin/master [2ms]
2025-06-20 15:43:48.484 [info] > git status -z -uall [10ms]
2025-06-20 15:43:48.485 [info] > git for-each-ref --sort -committerdate --format %(refname) %(objectname) %(*objectname) [2ms]
2025-06-20 15:43:53.505 [info] > git config --get commit.template [7ms]
2025-06-20 15:43:53.507 [info] > git for-each-ref --format=%(refname)%00%(upstream:short)%00%(objectname)%00%(upstream:track)%00%(upstream:remotename)%00%(upstream:remoteref) refs/heads/master refs/remotes/master [2ms]
2025-06-20 15:43:53.516 [warning] [Git][revParse] Unable to read file: ENOENT: no such file or directory, open '/home/jon/ros_ws/tiago_challenge/.git/refs/remotes/origin/master'
2025-06-20 15:43:53.518 [info] > git rev-parse refs/remotes/origin/master [2ms]
2025-06-20 15:43:53.537 [info] > git status -z -uall [10ms]
2025-06-20 15:43:53.537 [info] > git for-each-ref --sort -committerdate --format %(refname) %(objectname) %(*objectname) [2ms]
2025-06-20 15:43:58.968 [info] > git config --get commit.template [8ms]
2025-06-20 15:43:58.970 [info] > git for-each-ref --format=%(refname)%00%(upstream:short)%00%(objectname)%00%(upstream:track)%00%(upstream:remotename)%00%(upstream:remoteref) refs/heads/master refs/remotes/master [2ms]
2025-06-20 15:43:58.977 [warning] [Git][revParse] Unable to read file: ENOENT: no such file or directory, open '/home/jon/ros_ws/tiago_challenge/.git/refs/remotes/origin/master'
2025-06-20 15:43:58.978 [info] > git rev-parse refs/remotes/origin/master [1ms]
2025-06-20 15:43:58.994 [info] > git status -z -uall [9ms]
2025-06-20 15:43:58.995 [info] > git for-each-ref --sort -committerdate --format %(refname) %(objectname) %(*objectname) [2ms]
2025-06-20 15:44:20.958 [info] > git config --get commit.template [12ms]
2025-06-20 15:44:20.960 [info] > git for-each-ref --format=%(refname)%00%(upstream:short)%00%(objectname)%00%(upstream:track)%00%(upstream:remotename)%00%(upstream:remoteref) refs/heads/master refs/remotes/master [2ms]
2025-06-20 15:44:20.971 [warning] [Git][revParse] Unable to read file: ENOENT: no such file or directory, open '/home/jon/ros_ws/tiago_challenge/.git/refs/remotes/origin/master'
2025-06-20 15:44:20.973 [info] > git rev-parse refs/remotes/origin/master [2ms]
2025-06-20 15:44:20.994 [info] > git status -z -uall [11ms]
2025-06-20 15:44:20.996 [info] > git for-each-ref --sort -committerdate --format %(refname) %(objectname) %(*objectname) [3ms]
2025-06-20 15:44:26.019 [info] > git config --get commit.template [9ms]
2025-06-20 15:44:26.021 [info] > git for-each-ref --format=%(refname)%00%(upstream:short)%00%(objectname)%00%(upstream:track)%00%(upstream:remotename)%00%(upstream:remoteref) refs/heads/master refs/remotes/master [3ms]
2025-06-20 15:44:26.028 [warning] [Git][revParse] Unable to read file: ENOENT: no such file or directory, open '/home/jon/ros_ws/tiago_challenge/.git/refs/remotes/origin/master'
2025-06-20 15:44:26.030 [info] > git rev-parse refs/remotes/origin/master [2ms]
2025-06-20 15:44:26.046 [info] > git status -z -uall [9ms]
2025-06-20 15:44:26.048 [info] > git for-each-ref --sort -committerdate --format %(refname) %(objectname) %(*objectname) [3ms]
2025-06-20 15:45:03.685 [info] > git config --get commit.template [7ms]
2025-06-20 15:45:03.686 [info] > git for-each-ref --format=%(refname)%00%(upstream:short)%00%(objectname)%00%(upstream:track)%00%(upstream:remotename)%00%(upstream:remoteref) refs/heads/master refs/remotes/master [2ms]
2025-06-20 15:45:03.694 [warning] [Git][revParse] Unable to read file: ENOENT: no such file or directory, open '/home/jon/ros_ws/tiago_challenge/.git/refs/remotes/origin/master'
2025-06-20 15:45:03.695 [info] > git rev-parse refs/remotes/origin/master [1ms]
2025-06-20 15:45:03.711 [info] > git status -z -uall [9ms]
2025-06-20 15:45:03.712 [info] > git for-each-ref --sort -committerdate --format %(refname) %(objectname) %(*objectname) [2ms]
2025-06-20 15:45:29.624 [info] > git config --get commit.template [3ms]
2025-06-20 15:45:29.637 [info] > git for-each-ref --format=%(refname)%00%(upstream:short)%00%(objectname)%00%(upstream:track)%00%(upstream:remotename)%00%(upstream:remoteref) refs/heads/master refs/remotes/master [3ms]
2025-06-20 15:45:29.646 [warning] [Git][revParse] Unable to read file: ENOENT: no such file or directory, open '/home/jon/ros_ws/tiago_challenge/.git/refs/remotes/origin/master'
2025-06-20 15:45:29.648 [info] > git rev-parse refs/remotes/origin/master [2ms]
2025-06-20 15:45:29.666 [info] > git status -z -uall [9ms]
2025-06-20 15:45:29.668 [info] > git for-each-ref --sort -committerdate --format %(refname) %(objectname) %(*objectname) [2ms]
2025-06-20 15:45:38.784 [info] > git config --get commit.template [9ms]
2025-06-20 15:45:38.785 [info] > git for-each-ref --format=%(refname)%00%(upstream:short)%00%(objectname)%00%(upstream:track)%00%(upstream:remotename)%00%(upstream:remoteref) refs/heads/master refs/remotes/master [2ms]
2025-06-20 15:45:38.793 [warning] [Git][revParse] Unable to read file: ENOENT: no such file or directory, open '/home/jon/ros_ws/tiago_challenge/.git/refs/remotes/origin/master'
2025-06-20 15:45:38.795 [info] > git rev-parse refs/remotes/origin/master [2ms]
2025-06-20 15:45:38.812 [info] > git status -z -uall [10ms]
2025-06-20 15:45:38.813 [info] > git for-each-ref --sort -committerdate --format %(refname) %(objectname) %(*objectname) [2ms]
2025-06-20 15:45:43.834 [info] > git config --get commit.template [8ms]
2025-06-20 15:45:43.836 [info] > git for-each-ref --format=%(refname)%00%(upstream:short)%00%(objectname)%00%(upstream:track)%00%(upstream:remotename)%00%(upstream:remoteref) refs/heads/master refs/remotes/master [2ms]
2025-06-20 15:45:43.843 [warning] [Git][revParse] Unable to read file: ENOENT: no such file or directory, open '/home/jon/ros_ws/tiago_challenge/.git/refs/remotes/origin/master'
2025-06-20 15:45:43.845 [info] > git rev-parse refs/remotes/origin/master [2ms]
2025-06-20 15:45:43.864 [info] > git status -z -uall [11ms]
2025-06-20 15:45:43.865 [info] > git for-each-ref --sort -committerdate --format %(refname) %(objectname) %(*objectname) [3ms]
2025-06-20 15:48:59.754 [info] > git config --get commit.template [9ms]
2025-06-20 15:48:59.754 [info] > git for-each-ref --format=%(refname)%00%(upstream:short)%00%(objectname)%00%(upstream:track)%00%(upstream:remotename)%00%(upstream:remoteref) refs/heads/master refs/remotes/master [1ms]
2025-06-20 15:48:59.762 [warning] [Git][revParse] Unable to read file: ENOENT: no such file or directory, open '/home/jon/ros_ws/tiago_challenge/.git/refs/remotes/origin/master'
2025-06-20 15:48:59.763 [info] > git rev-parse refs/remotes/origin/master [1ms]
2025-06-20 15:48:59.778 [info] > git status -z -uall [7ms]
2025-06-20 15:48:59.779 [info] > git for-each-ref --sort -committerdate --format %(refname) %(objectname) %(*objectname) [2ms]
2025-06-20 15:49:04.795 [info] > git config --get commit.template [7ms]
2025-06-20 15:49:04.796 [info] > git for-each-ref --format=%(refname)%00%(upstream:short)%00%(objectname)%00%(upstream:track)%00%(upstream:remotename)%00%(upstream:remoteref) refs/heads/master refs/remotes/master [2ms]
2025-06-20 15:49:04.801 [warning] [Git][revParse] Unable to read file: ENOENT: no such file or directory, open '/home/jon/ros_ws/tiago_challenge/.git/refs/remotes/origin/master'
2025-06-20 15:49:04.802 [info] > git rev-parse refs/remotes/origin/master [1ms]
2025-06-20 15:49:04.813 [info] > git status -z -uall [6ms]
2025-06-20 15:49:04.814 [info] > git for-each-ref --sort -committerdate --format %(refname) %(objectname) %(*objectname) [1ms]
2025-06-20 15:49:09.829 [info] > git config --get commit.template [7ms]
2025-06-20 15:49:09.830 [info] > git for-each-ref --format=%(refname)%00%(upstream:short)%00%(objectname)%00%(upstream:track)%00%(upstream:remotename)%00%(upstream:remoteref) refs/heads/master refs/remotes/master [2ms]
2025-06-20 15:49:09.836 [warning] [Git][revParse] Unable to read file: ENOENT: no such file or directory, open '/home/jon/ros_ws/tiago_challenge/.git/refs/remotes/origin/master'
2025-06-20 15:49:09.837 [info] > git rev-parse refs/remotes/origin/master [1ms]
2025-06-20 15:49:09.850 [info] > git status -z -uall [8ms]
2025-06-20 15:49:09.851 [info] > git for-each-ref --sort -committerdate --format %(refname) %(objectname) %(*objectname) [1ms]
2025-06-20 15:51:11.795 [info] > git config --get commit.template [11ms]
2025-06-20 15:51:11.797 [info] > git for-each-ref --format=%(refname)%00%(upstream:short)%00%(objectname)%00%(upstream:track)%00%(upstream:remotename)%00%(upstream:remoteref) refs/heads/master refs/remotes/master [3ms]
2025-06-20 15:51:11.805 [warning] [Git][revParse] Unable to read file: ENOENT: no such file or directory, open '/home/jon/ros_ws/tiago_challenge/.git/refs/remotes/origin/master'
2025-06-20 15:51:11.808 [info] > git rev-parse refs/remotes/origin/master [3ms]
2025-06-20 15:51:11.828 [info] > git status -z -uall [10ms]
2025-06-20 15:51:11.830 [info] > git for-each-ref --sort -committerdate --format %(refname) %(objectname) %(*objectname) [3ms]
2025-06-20 15:51:18.182 [info] > git config --get commit.template [10ms]
2025-06-20 15:51:18.183 [info] > git for-each-ref --format=%(refname)%00%(upstream:short)%00%(objectname)%00%(upstream:track)%00%(upstream:remotename)%00%(upstream:remoteref) refs/heads/master refs/remotes/master [2ms]
2025-06-20 15:51:18.192 [warning] [Git][revParse] Unable to read file: ENOENT: no such file or directory, open '/home/jon/ros_ws/tiago_challenge/.git/refs/remotes/origin/master'
2025-06-20 15:51:18.193 [info] > git rev-parse refs/remotes/origin/master [1ms]
2025-06-20 15:51:18.210 [info] > git status -z -uall [8ms]
2025-06-20 15:51:18.212 [info] > git for-each-ref --sort -committerdate --format %(refname) %(objectname) %(*objectname) [2ms]
2025-06-20 15:51:23.235 [info] > git config --get commit.template [10ms]
2025-06-20 15:51:23.237 [info] > git for-each-ref --format=%(refname)%00%(upstream:short)%00%(objectname)%00%(upstream:track)%00%(upstream:remotename)%00%(upstream:remoteref) refs/heads/master refs/remotes/master [3ms]
2025-06-20 15:51:23.247 [warning] [Git][revParse] Unable to read file: ENOENT: no such file or directory, open '/home/jon/ros_ws/tiago_challenge/.git/refs/remotes/origin/master'
2025-06-20 15:51:23.248 [info] > git rev-parse refs/remotes/origin/master [2ms]
2025-06-20 15:51:23.267 [info] > git status -z -uall [10ms]
2025-06-20 15:51:23.269 [info] > git for-each-ref --sort -committerdate --format %(refname) %(objectname) %(*objectname) [3ms]
2025-06-20 15:53:36.127 [info] > git config --get commit.template [12ms]
2025-06-20 15:53:36.129 [info] > git for-each-ref --format=%(refname)%00%(upstream:short)%00%(objectname)%00%(upstream:track)%00%(upstream:remotename)%00%(upstream:remoteref) refs/heads/master refs/remotes/master [3ms]
2025-06-20 15:53:36.139 [warning] [Git][revParse] Unable to read file: ENOENT: no such file or directory, open '/home/jon/ros_ws/tiago_challenge/.git/refs/remotes/origin/master'
2025-06-20 15:53:36.141 [info] > git rev-parse refs/remotes/origin/master [1ms]
2025-06-20 15:53:36.162 [info] > git status -z -uall [12ms]
2025-06-20 15:53:36.163 [info] > git for-each-ref --sort -committerdate --format %(refname) %(objectname) %(*objectname) [3ms]
2025-06-20 15:53:41.191 [info] > git config --get commit.template [10ms]
2025-06-20 15:53:41.192 [info] > git for-each-ref --format=%(refname)%00%(upstream:short)%00%(objectname)%00%(upstream:track)%00%(upstream:remotename)%00%(upstream:remoteref) refs/heads/master refs/remotes/master [2ms]
2025-06-20 15:53:41.202 [warning] [Git][revParse] Unable to read file: ENOENT: no such file or directory, open '/home/jon/ros_ws/tiago_challenge/.git/refs/remotes/origin/master'
2025-06-20 15:53:41.204 [info] > git rev-parse refs/remotes/origin/master [3ms]
2025-06-20 15:53:41.224 [info] > git status -z -uall [10ms]
2025-06-20 15:53:41.225 [info] > git for-each-ref --sort -committerdate --format %(refname) %(objectname) %(*objectname) [2ms]
2025-06-20 15:56:34.651 [info] > git config --get commit.template [12ms]
2025-06-20 15:56:34.652 [info] > git for-each-ref --format=%(refname)%00%(upstream:short)%00%(objectname)%00%(upstream:track)%00%(upstream:remotename)%00%(upstream:remoteref) refs/heads/master refs/remotes/master [2ms]
2025-06-20 15:56:34.663 [warning] [Git][revParse] Unable to read file: ENOENT: no such file or directory, open '/home/jon/ros_ws/tiago_challenge/.git/refs/remotes/origin/master'
2025-06-20 15:56:34.665 [info] > git rev-parse refs/remotes/origin/master [2ms]
2025-06-20 15:56:34.686 [info] > git status -z -uall [11ms]
2025-06-20 15:56:34.688 [info] > git for-each-ref --sort -committerdate --format %(refname) %(objectname) %(*objectname) [2ms]
2025-06-20 15:57:29.544 [info] > git config --get commit.template [12ms]
2025-06-20 15:57:29.546 [info] > git for-each-ref --format=%(refname)%00%(upstream:short)%00%(objectname)%00%(upstream:track)%00%(upstream:remotename)%00%(upstream:remoteref) refs/heads/master refs/remotes/master [3ms]
2025-06-20 15:57:29.555 [warning] [Git][revParse] Unable to read file: ENOENT: no such file or directory, open '/home/jon/ros_ws/tiago_challenge/.git/refs/remotes/origin/master'
2025-06-20 15:57:29.557 [info] > git rev-parse refs/remotes/origin/master [2ms]
2025-06-20 15:57:29.579 [info] > git status -z -uall [11ms]
2025-06-20 15:57:29.581 [info] > git for-each-ref --sort -committerdate --format %(refname) %(objectname) %(*objectname) [3ms]
2025-06-20 15:57:34.604 [info] > git config --get commit.template [9ms]
2025-06-20 15:57:34.606 [info] > git for-each-ref --format=%(refname)%00%(upstream:short)%00%(objectname)%00%(upstream:track)%00%(upstream:remotename)%00%(upstream:remoteref) refs/heads/master refs/remotes/master [3ms]
2025-06-20 15:57:34.613 [warning] [Git][revParse] Unable to read file: ENOENT: no such file or directory, open '/home/jon/ros_ws/tiago_challenge/.git/refs/remotes/origin/master'
2025-06-20 15:57:34.615 [info] > git rev-parse refs/remotes/origin/master [2ms]
2025-06-20 15:57:34.632 [info] > git status -z -uall [8ms]
2025-06-20 15:57:34.633 [info] > git for-each-ref --sort -committerdate --format %(refname) %(objectname) %(*objectname) [2ms]
2025-06-20 15:57:47.281 [info] > git config --get commit.template [9ms]
2025-06-20 15:57:47.282 [info] > git for-each-ref --format=%(refname)%00%(upstream:short)%00%(objectname)%00%(upstream:track)%00%(upstream:remotename)%00%(upstream:remoteref) refs/heads/master refs/remotes/master [2ms]
2025-06-20 15:57:47.291 [warning] [Git][revParse] Unable to read file: ENOENT: no such file or directory, open '/home/jon/ros_ws/tiago_challenge/.git/refs/remotes/origin/master'
2025-06-20 15:57:47.293 [info] > git rev-parse refs/remotes/origin/master [2ms]
2025-06-20 15:57:47.310 [info] > git status -z -uall [9ms]
2025-06-20 15:57:47.312 [info] > git for-each-ref --sort -committerdate --format %(refname) %(objectname) %(*objectname) [2ms]
2025-06-20 15:57:57.013 [info] > git config --get commit.template [10ms]
2025-06-20 15:57:57.015 [info] > git for-each-ref --format=%(refname)%00%(upstream:short)%00%(objectname)%00%(upstream:track)%00%(upstream:remotename)%00%(upstream:remoteref) refs/heads/master refs/remotes/master [2ms]
2025-06-20 15:57:57.024 [warning] [Git][revParse] Unable to read file: ENOENT: no such file or directory, open '/home/jon/ros_ws/tiago_challenge/.git/refs/remotes/origin/master'
2025-06-20 15:57:57.026 [info] > git rev-parse refs/remotes/origin/master [2ms]
2025-06-20 15:57:57.046 [info] > git status -z -uall [11ms]
2025-06-20 15:57:57.046 [info] > git for-each-ref --sort -committerdate --format %(refname) %(objectname) %(*objectname) [2ms]
2025-06-20 15:58:41.903 [info] > git config --get commit.template [12ms]
2025-06-20 15:58:41.905 [info] > git for-each-ref --format=%(refname)%00%(upstream:short)%00%(objectname)%00%(upstream:track)%00%(upstream:remotename)%00%(upstream:remoteref) refs/heads/master refs/remotes/master [2ms]
2025-06-20 15:58:41.915 [warning] [Git][revParse] Unable to read file: ENOENT: no such file or directory, open '/home/jon/ros_ws/tiago_challenge/.git/refs/remotes/origin/master'
2025-06-20 15:58:41.917 [info] > git rev-parse refs/remotes/origin/master [2ms]
2025-06-20 15:58:41.938 [info] > git status -z -uall [11ms]
2025-06-20 15:58:41.939 [info] > git for-each-ref --sort -committerdate --format %(refname) %(objectname) %(*objectname) [2ms]
2025-06-20 15:58:46.964 [info] > git config --get commit.template [10ms]
2025-06-20 15:58:46.965 [info] > git for-each-ref --format=%(refname)%00%(upstream:short)%00%(objectname)%00%(upstream:track)%00%(upstream:remotename)%00%(upstream:remoteref) refs/heads/master refs/remotes/master [2ms]
2025-06-20 15:58:46.974 [warning] [Git][revParse] Unable to read file: ENOENT: no such file or directory, open '/home/jon/ros_ws/tiago_challenge/.git/refs/remotes/origin/master'
2025-06-20 15:58:46.976 [info] > git rev-parse refs/remotes/origin/master [2ms]
2025-06-20 15:58:46.993 [info] > git status -z -uall [10ms]
2025-06-20 15:58:46.994 [info] > git for-each-ref --sort -committerdate --format %(refname) %(objectname) %(*objectname) [2ms]
2025-06-20 15:58:53.056 [info] > git config --get commit.template [13ms]
2025-06-20 15:58:53.057 [info] > git for-each-ref --format=%(refname)%00%(upstream:short)%00%(objectname)%00%(upstream:track)%00%(upstream:remotename)%00%(upstream:remoteref) refs/heads/master refs/remotes/master [2ms]
2025-06-20 15:58:53.066 [warning] [Git][revParse] Unable to read file: ENOENT: no such file or directory, open '/home/jon/ros_ws/tiago_challenge/.git/refs/remotes/origin/master'
2025-06-20 15:58:53.068 [info] > git rev-parse refs/remotes/origin/master [2ms]
2025-06-20 15:58:53.091 [info] > git status -z -uall [13ms]
2025-06-20 15:58:53.093 [info] > git for-each-ref --sort -committerdate --format %(refname) %(objectname) %(*objectname) [3ms]
2025-06-20 15:58:58.117 [info] > git config --get commit.template [8ms]
2025-06-20 15:58:58.118 [info] > git for-each-ref --format=%(refname)%00%(upstream:short)%00%(objectname)%00%(upstream:track)%00%(upstream:remotename)%00%(upstream:remoteref) refs/heads/master refs/remotes/master [2ms]
2025-06-20 15:58:58.128 [warning] [Git][revParse] Unable to read file: ENOENT: no such file or directory, open '/home/jon/ros_ws/tiago_challenge/.git/refs/remotes/origin/master'
2025-06-20 15:58:58.129 [info] > git rev-parse refs/remotes/origin/master [1ms]
2025-06-20 15:58:58.148 [info] > git status -z -uall [11ms]
2025-06-20 15:58:58.150 [info] > git for-each-ref --sort -committerdate --format %(refname) %(objectname) %(*objectname) [3ms]
2025-06-20 16:00:06.578 [info] > git config --get commit.template [16ms]
2025-06-20 16:00:06.579 [info] > git for-each-ref --format=%(refname)%00%(upstream:short)%00%(objectname)%00%(upstream:track)%00%(upstream:remotename)%00%(upstream:remoteref) refs/heads/master refs/remotes/master [3ms]
2025-06-20 16:00:06.592 [warning] [Git][revParse] Unable to read file: ENOENT: no such file or directory, open '/home/jon/ros_ws/tiago_challenge/.git/refs/remotes/origin/master'
2025-06-20 16:00:06.595 [info] > git rev-parse refs/remotes/origin/master [3ms]
2025-06-20 16:00:06.622 [info] > git status -z -uall [14ms]
2025-06-20 16:00:06.624 [info] > git for-each-ref --sort -committerdate --format %(refname) %(objectname) %(*objectname) [3ms]
2025-06-20 16:01:41.011 [info] > git config --get commit.template [11ms]
2025-06-20 16:01:41.012 [info] > git for-each-ref --format=%(refname)%00%(upstream:short)%00%(objectname)%00%(upstream:track)%00%(upstream:remotename)%00%(upstream:remoteref) refs/heads/master refs/remotes/master [2ms]
2025-06-20 16:01:41.022 [warning] [Git][revParse] Unable to read file: ENOENT: no such file or directory, open '/home/jon/ros_ws/tiago_challenge/.git/refs/remotes/origin/master'
2025-06-20 16:01:41.024 [info] > git rev-parse refs/remotes/origin/master [2ms]
2025-06-20 16:01:41.046 [info] > git status -z -uall [11ms]
2025-06-20 16:01:41.048 [info] > git for-each-ref --sort -committerdate --format %(refname) %(objectname) %(*objectname) [3ms]
2025-06-20 16:07:23.543 [info] > git config --get commit.template [13ms]
2025-06-20 16:07:23.545 [info] > git for-each-ref --format=%(refname)%00%(upstream:short)%00%(objectname)%00%(upstream:track)%00%(upstream:remotename)%00%(upstream:remoteref) refs/heads/master refs/remotes/master [3ms]
2025-06-20 16:07:23.554 [warning] [Git][revParse] Unable to read file: ENOENT: no such file or directory, open '/home/jon/ros_ws/tiago_challenge/.git/refs/remotes/origin/master'
2025-06-20 16:07:23.557 [info] > git rev-parse refs/remotes/origin/master [2ms]
2025-06-20 16:07:23.578 [info] > git status -z -uall [12ms]
2025-06-20 16:07:23.580 [info] > git for-each-ref --sort -committerdate --format %(refname) %(objectname) %(*objectname) [2ms]
2025-06-20 16:07:28.605 [info] > git config --get commit.template [10ms]
2025-06-20 16:07:28.606 [info] > git for-each-ref --format=%(refname)%00%(upstream:short)%00%(objectname)%00%(upstream:track)%00%(upstream:remotename)%00%(upstream:remoteref) refs/heads/master refs/remotes/master [2ms]
2025-06-20 16:07:28.615 [warning] [Git][revParse] Unable to read file: ENOENT: no such file or directory, open '/home/jon/ros_ws/tiago_challenge/.git/refs/remotes/origin/master'
2025-06-20 16:07:28.617 [info] > git rev-parse refs/remotes/origin/master [2ms]
2025-06-20 16:07:28.635 [info] > git status -z -uall [9ms]
2025-06-20 16:07:28.636 [info] > git for-each-ref --sort -committerdate --format %(refname) %(objectname) %(*objectname) [2ms]
2025-06-20 16:07:43.716 [info] > git config --get commit.template [9ms]
2025-06-20 16:07:43.716 [info] > git for-each-ref --format=%(refname)%00%(upstream:short)%00%(objectname)%00%(upstream:track)%00%(upstream:remotename)%00%(upstream:remoteref) refs/heads/master refs/remotes/master [2ms]
2025-06-20 16:07:43.725 [warning] [Git][revParse] Unable to read file: ENOENT: no such file or directory, open '/home/jon/ros_ws/tiago_challenge/.git/refs/remotes/origin/master'
2025-06-20 16:07:43.726 [info] > git rev-parse refs/remotes/origin/master [1ms]
2025-06-20 16:07:43.744 [info] > git status -z -uall [9ms]
2025-06-20 16:07:43.745 [info] > git for-each-ref --sort -committerdate --format %(refname) %(objectname) %(*objectname) [2ms]
2025-06-20 16:07:48.768 [info] > git config --get commit.template [9ms]
2025-06-20 16:07:48.770 [info] > git for-each-ref --format=%(refname)%00%(upstream:short)%00%(objectname)%00%(upstream:track)%00%(upstream:remotename)%00%(upstream:remoteref) refs/heads/master refs/remotes/master [2ms]
2025-06-20 16:07:48.779 [warning] [Git][revParse] Unable to read file: ENOENT: no such file or directory, open '/home/jon/ros_ws/tiago_challenge/.git/refs/remotes/origin/master'
2025-06-20 16:07:48.781 [info] > git rev-parse refs/remotes/origin/master [2ms]
2025-06-20 16:07:48.800 [info] > git status -z -uall [10ms]
2025-06-20 16:07:48.801 [info] > git for-each-ref --sort -committerdate --format %(refname) %(objectname) %(*objectname) [2ms]
2025-06-20 16:07:58.215 [info] > git config --get commit.template [9ms]
2025-06-20 16:07:58.217 [info] > git for-each-ref --format=%(refname)%00%(upstream:short)%00%(objectname)%00%(upstream:track)%00%(upstream:remotename)%00%(upstream:remoteref) refs/heads/master refs/remotes/master [2ms]
2025-06-20 16:07:58.226 [warning] [Git][revParse] Unable to read file: ENOENT: no such file or directory, open '/home/jon/ros_ws/tiago_challenge/.git/refs/remotes/origin/master'
2025-06-20 16:07:58.228 [info] > git rev-parse refs/remotes/origin/master [2ms]
2025-06-20 16:07:58.248 [info] > git status -z -uall [11ms]
2025-06-20 16:07:58.249 [info] > git for-each-ref --sort -committerdate --format %(refname) %(objectname) %(*objectname) [3ms]
2025-06-20 16:08:07.124 [info] > git config --get commit.template [12ms]
2025-06-20 16:08:07.125 [info] > git for-each-ref --format=%(refname)%00%(upstream:short)%00%(objectname)%00%(upstream:track)%00%(upstream:remotename)%00%(upstream:remoteref) refs/heads/master refs/remotes/master [2ms]
2025-06-20 16:08:07.134 [warning] [Git][revParse] Unable to read file: ENOENT: no such file or directory, open '/home/jon/ros_ws/tiago_challenge/.git/refs/remotes/origin/master'
2025-06-20 16:08:07.136 [info] > git rev-parse refs/remotes/origin/master [1ms]
2025-06-20 16:08:07.156 [info] > git status -z -uall [11ms]
2025-06-20 16:08:07.157 [info] > git for-each-ref --sort -committerdate --format %(refname) %(objectname) %(*objectname) [2ms]
2025-06-20 16:08:18.981 [info] > git config --get commit.template [10ms]
2025-06-20 16:08:18.983 [info] > git for-each-ref --format=%(refname)%00%(upstream:short)%00%(objectname)%00%(upstream:track)%00%(upstream:remotename)%00%(upstream:remoteref) refs/heads/master refs/remotes/master [3ms]
2025-06-20 16:08:18.993 [warning] [Git][revParse] Unable to read file: ENOENT: no such file or directory, open '/home/jon/ros_ws/tiago_challenge/.git/refs/remotes/origin/master'
2025-06-20 16:08:18.995 [info] > git rev-parse refs/remotes/origin/master [2ms]
2025-06-20 16:08:19.012 [info] > git status -z -uall [9ms]
2025-06-20 16:08:19.014 [info] > git for-each-ref --sort -committerdate --format %(refname) %(objectname) %(*objectname) [2ms]
2025-06-20 16:08:24.036 [info] > git config --get commit.template [9ms]
2025-06-20 16:08:24.038 [info] > git for-each-ref --format=%(refname)%00%(upstream:short)%00%(objectname)%00%(upstream:track)%00%(upstream:remotename)%00%(upstream:remoteref) refs/heads/master refs/remotes/master [2ms]
2025-06-20 16:08:24.046 [warning] [Git][revParse] Unable to read file: ENOENT: no such file or directory, open '/home/jon/ros_ws/tiago_challenge/.git/refs/remotes/origin/master'
2025-06-20 16:08:24.048 [info] > git rev-parse refs/remotes/origin/master [2ms]
2025-06-20 16:08:24.066 [info] > git status -z -uall [10ms]
2025-06-20 16:08:24.068 [info] > git for-each-ref --sort -committerdate --format %(refname) %(objectname) %(*objectname) [2ms]
2025-06-20 16:08:29.275 [info] > git config --get commit.template [10ms]
2025-06-20 16:08:29.276 [info] > git for-each-ref --format=%(refname)%00%(upstream:short)%00%(objectname)%00%(upstream:track)%00%(upstream:remotename)%00%(upstream:remoteref) refs/heads/master refs/remotes/master [2ms]
2025-06-20 16:08:29.293 [warning] [Git][revParse] Unable to read file: ENOENT: no such file or directory, open '/home/jon/ros_ws/tiago_challenge/.git/refs/remotes/origin/master'
2025-06-20 16:08:29.295 [info] > git rev-parse refs/remotes/origin/master [2ms]
2025-06-20 16:08:29.315 [info] > git status -z -uall [10ms]
2025-06-20 16:08:29.318 [info] > git for-each-ref --sort -committerdate --format %(refname) %(objectname) %(*objectname) [3ms]
2025-06-20 16:08:44.882 [info] > git config --get commit.template [10ms]
2025-06-20 16:08:44.884 [info] > git for-each-ref --format=%(refname)%00%(upstream:short)%00%(objectname)%00%(upstream:track)%00%(upstream:remotename)%00%(upstream:remoteref) refs/heads/master refs/remotes/master [2ms]
2025-06-20 16:08:44.892 [warning] [Git][revParse] Unable to read file: ENOENT: no such file or directory, open '/home/jon/ros_ws/tiago_challenge/.git/refs/remotes/origin/master'
2025-06-20 16:08:44.894 [info] > git rev-parse refs/remotes/origin/master [2ms]
2025-06-20 16:08:44.911 [info] > git status -z -uall [8ms]
2025-06-20 16:08:44.913 [info] > git for-each-ref --sort -committerdate --format %(refname) %(objectname) %(*objectname) [2ms]
2025-06-20 16:08:49.938 [info] > git config --get commit.template [11ms]
2025-06-20 16:08:49.939 [info] > git for-each-ref --format=%(refname)%00%(upstream:short)%00%(objectname)%00%(upstream:track)%00%(upstream:remotename)%00%(upstream:remoteref) refs/heads/master refs/remotes/master [2ms]
2025-06-20 16:08:49.948 [warning] [Git][revParse] Unable to read file: ENOENT: no such file or directory, open '/home/jon/ros_ws/tiago_challenge/.git/refs/remotes/origin/master'
2025-06-20 16:08:49.949 [info] > git rev-parse refs/remotes/origin/master [1ms]
2025-06-20 16:08:49.970 [info] > git status -z -uall [11ms]
2025-06-20 16:08:49.972 [info] > git for-each-ref --sort -committerdate --format %(refname) %(objectname) %(*objectname) [3ms]
2025-06-20 16:08:55.415 [info] > git config --get commit.template [11ms]
2025-06-20 16:08:55.417 [info] > git for-each-ref --format=%(refname)%00%(upstream:short)%00%(objectname)%00%(upstream:track)%00%(upstream:remotename)%00%(upstream:remoteref) refs/heads/master refs/remotes/master [3ms]
2025-06-20 16:08:55.427 [warning] [Git][revParse] Unable to read file: ENOENT: no such file or directory, open '/home/jon/ros_ws/tiago_challenge/.git/refs/remotes/origin/master'
2025-06-20 16:08:55.429 [info] > git rev-parse refs/remotes/origin/master [2ms]
2025-06-20 16:08:55.449 [info] > git status -z -uall [10ms]
2025-06-20 16:08:55.451 [info] > git for-each-ref --sort -committerdate --format %(refname) %(objectname) %(*objectname) [2ms]
2025-06-20 16:09:05.239 [info] > git config --get commit.template [10ms]
2025-06-20 16:09:05.241 [info] > git for-each-ref --format=%(refname)%00%(upstream:short)%00%(objectname)%00%(upstream:track)%00%(upstream:remotename)%00%(upstream:remoteref) refs/heads/master refs/remotes/master [3ms]
2025-06-20 16:09:05.249 [warning] [Git][revParse] Unable to read file: ENOENT: no such file or directory, open '/home/jon/ros_ws/tiago_challenge/.git/refs/remotes/origin/master'
2025-06-20 16:09:05.251 [info] > git rev-parse refs/remotes/origin/master [2ms]
2025-06-20 16:09:05.270 [info] > git status -z -uall [10ms]
2025-06-20 16:09:05.271 [info] > git for-each-ref --sort -committerdate --format %(refname) %(objectname) %(*objectname) [2ms]
2025-06-20 16:09:10.293 [info] > git config --get commit.template [9ms]
2025-06-20 16:09:10.294 [info] > git for-each-ref --format=%(refname)%00%(upstream:short)%00%(objectname)%00%(upstream:track)%00%(upstream:remotename)%00%(upstream:remoteref) refs/heads/master refs/remotes/master [2ms]
2025-06-20 16:09:10.302 [warning] [Git][revParse] Unable to read file: ENOENT: no such file or directory, open '/home/jon/ros_ws/tiago_challenge/.git/refs/remotes/origin/master'
2025-06-20 16:09:10.304 [info] > git rev-parse refs/remotes/origin/master [2ms]
2025-06-20 16:09:10.323 [info] > git status -z -uall [12ms]
2025-06-20 16:09:10.324 [info] > git for-each-ref --sort -committerdate --format %(refname) %(objectname) %(*objectname) [2ms]
2025-06-20 16:15:30.347 [info] > git config --get commit.template [13ms]
2025-06-20 16:15:30.349 [info] > git for-each-ref --format=%(refname)%00%(upstream:short)%00%(objectname)%00%(upstream:track)%00%(upstream:remotename)%00%(upstream:remoteref) refs/heads/master refs/remotes/master [3ms]
2025-06-20 16:15:30.360 [warning] [Git][revParse] Unable to read file: ENOENT: no such file or directory, open '/home/jon/ros_ws/tiago_challenge/.git/refs/remotes/origin/master'
2025-06-20 16:15:30.362 [info] > git rev-parse refs/remotes/origin/master [2ms]
2025-06-20 16:15:30.388 [info] > git status -z -uall [14ms]
2025-06-20 16:15:30.390 [info] > git for-each-ref --sort -committerdate --format %(refname) %(objectname) %(*objectname) [3ms]
2025-06-20 16:15:34.693 [info] > git show --textconv :src/Motionplanning_arms.cpp [13ms]
2025-06-20 16:15:34.695 [info] > git ls-files --stage -- src/Motionplanning_arms.cpp [3ms]
2025-06-20 16:15:34.709 [info] > git cat-file -s f502a3accc95752c4b0e1ab956c967d61b68d03c [3ms]
2025-06-20 16:15:35.419 [info] > git config --get commit.template [12ms]
2025-06-20 16:15:35.421 [info] > git for-each-ref --format=%(refname)%00%(upstream:short)%00%(objectname)%00%(upstream:track)%00%(upstream:remotename)%00%(upstream:remoteref) refs/heads/master refs/remotes/master [2ms]
2025-06-20 16:15:35.431 [warning] [Git][revParse] Unable to read file: ENOENT: no such file or directory, open '/home/jon/ros_ws/tiago_challenge/.git/refs/remotes/origin/master'
2025-06-20 16:15:35.433 [info] > git rev-parse refs/remotes/origin/master [2ms]
2025-06-20 16:15:35.456 [info] > git status -z -uall [11ms]
2025-06-20 16:15:35.458 [info] > git for-each-ref --sort -committerdate --format %(refname) %(objectname) %(*objectname) [3ms]
2025-06-20 16:15:36.455 [info] > git blame --root --incremental 0ff50ae161231ceca43e4a54a84080c9786f068d -- src/Motionplanning_arms.cpp [3ms]
2025-06-20 16:15:41.058 [info] > git config --get commit.template [9ms]
2025-06-20 16:15:41.059 [info] > git for-each-ref --format=%(refname)%00%(upstream:short)%00%(objectname)%00%(upstream:track)%00%(upstream:remotename)%00%(upstream:remoteref) refs/heads/master refs/remotes/master [2ms]
2025-06-20 16:15:41.069 [warning] [Git][revParse] Unable to read file: ENOENT: no such file or directory, open '/home/jon/ros_ws/tiago_challenge/.git/refs/remotes/origin/master'
2025-06-20 16:15:41.071 [info] > git rev-parse refs/remotes/origin/master [2ms]
2025-06-20 16:15:41.089 [info] > git status -z -uall [10ms]
2025-06-20 16:15:41.091 [info] > git for-each-ref --sort -committerdate --format %(refname) %(objectname) %(*objectname) [2ms]
2025-06-20 16:16:06.719 [info] > git config --get commit.template [9ms]
2025-06-20 16:16:06.721 [info] > git for-each-ref --format=%(refname)%00%(upstream:short)%00%(objectname)%00%(upstream:track)%00%(upstream:remotename)%00%(upstream:remoteref) refs/heads/master refs/remotes/master [3ms]
2025-06-20 16:16:06.729 [warning] [Git][revParse] Unable to read file: ENOENT: no such file or directory, open '/home/jon/ros_ws/tiago_challenge/.git/refs/remotes/origin/master'
2025-06-20 16:16:06.731 [info] > git rev-parse refs/remotes/origin/master [2ms]
2025-06-20 16:16:06.748 [info] > git status -z -uall [9ms]
2025-06-20 16:16:06.749 [info] > git for-each-ref --sort -committerdate --format %(refname) %(objectname) %(*objectname) [2ms]
2025-06-20 16:17:19.041 [info] > git config --get commit.template [13ms]
2025-06-20 16:17:19.041 [info] > git for-each-ref --format=%(refname)%00%(upstream:short)%00%(objectname)%00%(upstream:track)%00%(upstream:remotename)%00%(upstream:remoteref) refs/heads/master refs/remotes/master [3ms]
2025-06-20 16:17:19.053 [warning] [Git][revParse] Unable to read file: ENOENT: no such file or directory, open '/home/jon/ros_ws/tiago_challenge/.git/refs/remotes/origin/master'
2025-06-20 16:17:19.055 [info] > git rev-parse refs/remotes/origin/master [2ms]
2025-06-20 16:17:19.077 [info] > git status -z -uall [11ms]
2025-06-20 16:17:19.079 [info] > git for-each-ref --sort -committerdate --format %(refname) %(objectname) %(*objectname) [3ms]
2025-06-20 16:17:24.102 [info] > git config --get commit.template [10ms]
2025-06-20 16:17:24.104 [info] > git for-each-ref --format=%(refname)%00%(upstream:short)%00%(objectname)%00%(upstream:track)%00%(upstream:remotename)%00%(upstream:remoteref) refs/heads/master refs/remotes/master [3ms]
2025-06-20 16:17:24.113 [warning] [Git][revParse] Unable to read file: ENOENT: no such file or directory, open '/home/jon/ros_ws/tiago_challenge/.git/refs/remotes/origin/master'
2025-06-20 16:17:24.115 [info] > git rev-parse refs/remotes/origin/master [2ms]
2025-06-20 16:17:24.135 [info] > git status -z -uall [11ms]
2025-06-20 16:17:24.137 [info] > git for-each-ref --sort -committerdate --format %(refname) %(objectname) %(*objectname) [3ms]
2025-06-20 16:20:04.264 [info] > git config --get commit.template [15ms]
2025-06-20 16:20:04.265 [info] > git for-each-ref --format=%(refname)%00%(upstream:short)%00%(objectname)%00%(upstream:track)%00%(upstream:remotename)%00%(upstream:remoteref) refs/heads/master refs/remotes/master [4ms]
2025-06-20 16:20:04.278 [warning] [Git][revParse] Unable to read file: ENOENT: no such file or directory, open '/home/jon/ros_ws/tiago_challenge/.git/refs/remotes/origin/master'
2025-06-20 16:20:04.281 [info] > git rev-parse refs/remotes/origin/master [2ms]
2025-06-20 16:20:04.308 [info] > git status -z -uall [15ms]
2025-06-20 16:20:04.310 [info] > git for-each-ref --sort -committerdate --format %(refname) %(objectname) %(*objectname) [3ms]
