2025-06-20 15:33:03.470 [info] Extension host with pid 24138 started
2025-06-20 15:33:03.470 [info] Skipping acquiring lock for /home/jon/ros_ws/tiago_challenge/~/.vscode-root/User/workspaceStorage/e2e5e07c979846cc05da353605e55a99.
2025-06-20 15:33:03.524 [info] ExtensionService#_doActivateExtension vscode.github-authentication, startup: false, activationEvent: 'onAuthenticationRequest:github'
2025-06-20 15:33:03.582 [info] ExtensionService#_doActivateExtension vscode.git-base, startup: true, activationEvent: '*'
2025-06-20 15:33:03.593 [info] ExtensionService#_doActivateExtension vscode.github, startup: true, activationEvent: '*'
2025-06-20 15:33:03.645 [info] Eager extensions activated
2025-06-20 15:33:03.660 [info] ExtensionService#_doActivateExtension vscode.debug-auto-launch, startup: false, activationEvent: 'onStartupFinished'
2025-06-20 15:33:03.663 [info] ExtensionService#_doActivateExtension vscode.merge-conflict, startup: false, activationEvent: 'onStartupFinished'
2025-06-20 15:33:06.714 [info] ExtensionService#_doActivateExtension vscode.git, startup: false, activationEvent: 'api', root cause: vscode.github
2025-06-20 15:33:06.924 [info] ExtensionService#_doActivateExtension vscode.emmet, startup: false, activationEvent: 'onLanguage'
2025-06-20 16:20:08.705 [info] Extension host terminating: renderer closed the MessagePort
2025-06-20 16:20:08.737 [error] Canceled: Canceled
	at new dR (file:///snap/code/187/usr/share/code/resources/app/out/vs/workbench/api/node/extensionHostProcess.js:29:111670)
	at qy.U (file:///snap/code/187/usr/share/code/resources/app/out/vs/workbench/api/node/extensionHostProcess.js:29:116281)
	at s.<computed>.n.charCodeAt.s.<computed> (file:///snap/code/187/usr/share/code/resources/app/out/vs/workbench/api/node/extensionHostProcess.js:29:113775)
	at Sw.g (file:///snap/code/187/usr/share/code/resources/app/out/vs/workbench/api/node/extensionHostProcess.js:112:41039)
	at Sw.executeCommand (file:///snap/code/187/usr/share/code/resources/app/out/vs/workbench/api/node/extensionHostProcess.js:112:40543)
	at r.registerCommand.description (file:///snap/code/187/usr/share/code/resources/app/out/vs/workbench/api/node/extensionHostProcess.js:112:39873)
	at Sw.h (file:///snap/code/187/usr/share/code/resources/app/out/vs/workbench/api/node/extensionHostProcess.js:112:41559)
	at Sw.g (file:///snap/code/187/usr/share/code/resources/app/out/vs/workbench/api/node/extensionHostProcess.js:112:40636)
	at Sw.executeCommand (file:///snap/code/187/usr/share/code/resources/app/out/vs/workbench/api/node/extensionHostProcess.js:112:40543)
	at Object.executeCommand (file:///snap/code/187/usr/share/code/resources/app/out/vs/workbench/api/node/extensionHostProcess.js:172:37375)
	at Th.L [as value] (/snap/code/187/usr/share/code/resources/app/extensions/git/dist/main.js:2:1000063)
	at P.B (file:///snap/code/187/usr/share/code/resources/app/out/vs/workbench/api/node/extensionHostProcess.js:27:2375)
	at P.C (file:///snap/code/187/usr/share/code/resources/app/out/vs/workbench/api/node/extensionHostProcess.js:27:2445)
	at P.fire (file:///snap/code/187/usr/share/code/resources/app/out/vs/workbench/api/node/extensionHostProcess.js:27:2662)
	at Object.p [as dispose] (/snap/code/187/usr/share/code/resources/app/extensions/git/dist/main.js:2:1022703)
	at /snap/code/187/usr/share/code/resources/app/extensions/git/dist/main.js:2:1029021
	at Array.forEach (<anonymous>)
	at b.dispose (/snap/code/187/usr/share/code/resources/app/extensions/git/dist/main.js:2:1029007)
	at fv.<anonymous> (file:///snap/code/187/usr/share/code/resources/app/out/vs/workbench/api/node/extensionHostProcess.js:108:8922)
	at fv.dispose (file:///snap/code/187/usr/share/code/resources/app/out/vs/workbench/api/node/extensionHostProcess.js:108:9018)
	at fv.<anonymous> (/snap/code/187/usr/share/code/resources/app/extensions/git/dist/main.js:2:1002547)
	at fv.dispose (file:///snap/code/187/usr/share/code/resources/app/out/vs/workbench/api/node/extensionHostProcess.js:108:9018)
	at hi (file:///snap/code/187/usr/share/code/resources/app/out/vs/workbench/api/node/extensionHostProcess.js:25:701)
	at file:///snap/code/187/usr/share/code/resources/app/out/vs/workbench/api/node/extensionHostProcess.js:116:14994
	at file:///snap/code/187/usr/share/code/resources/app/out/vs/workbench/api/node/extensionHostProcess.js:25:1011
	at Object.dispose (file:///snap/code/187/usr/share/code/resources/app/out/vs/workbench/api/node/extensionHostProcess.js:8:705)
	at zz.eb (file:///snap/code/187/usr/share/code/resources/app/out/vs/workbench/api/node/extensionHostProcess.js:116:11921)
	at file:///snap/code/187/usr/share/code/resources/app/out/vs/workbench/api/node/extensionHostProcess.js:116:9876
	at Array.map (<anonymous>)
	at zz.$ (file:///snap/code/187/usr/share/code/resources/app/out/vs/workbench/api/node/extensionHostProcess.js:116:9864)
	at zz.terminate (file:///snap/code/187/usr/share/code/resources/app/out/vs/workbench/api/node/extensionHostProcess.js:116:10107)
	at OI.terminate (file:///snap/code/187/usr/share/code/resources/app/out/vs/workbench/api/node/extensionHostProcess.js:117:1434)
	at ts (file:///snap/code/187/usr/share/code/resources/app/out/vs/workbench/api/node/extensionHostProcess.js:190:15108)
	at MessagePortMain.<anonymous> (file:///snap/code/187/usr/share/code/resources/app/out/vs/workbench/api/node/extensionHostProcess.js:190:11656)
	at MessagePortMain.emit (node:events:518:28)
	at MessagePortMain._internalPort.emit (node:electron/js2c/utility_init:2:2949) setContext undefined
2025-06-20 16:20:08.738 [error] Canceled: Canceled
	at new dR (file:///snap/code/187/usr/share/code/resources/app/out/vs/workbench/api/node/extensionHostProcess.js:29:111670)
	at qy.U (file:///snap/code/187/usr/share/code/resources/app/out/vs/workbench/api/node/extensionHostProcess.js:29:116281)
	at s.<computed>.n.charCodeAt.s.<computed> (file:///snap/code/187/usr/share/code/resources/app/out/vs/workbench/api/node/extensionHostProcess.js:29:113775)
	at Sw.g (file:///snap/code/187/usr/share/code/resources/app/out/vs/workbench/api/node/extensionHostProcess.js:112:41039)
	at Sw.executeCommand (file:///snap/code/187/usr/share/code/resources/app/out/vs/workbench/api/node/extensionHostProcess.js:112:40543)
	at r.registerCommand.description (file:///snap/code/187/usr/share/code/resources/app/out/vs/workbench/api/node/extensionHostProcess.js:112:39873)
	at Sw.h (file:///snap/code/187/usr/share/code/resources/app/out/vs/workbench/api/node/extensionHostProcess.js:112:41559)
	at Sw.g (file:///snap/code/187/usr/share/code/resources/app/out/vs/workbench/api/node/extensionHostProcess.js:112:40636)
	at Sw.executeCommand (file:///snap/code/187/usr/share/code/resources/app/out/vs/workbench/api/node/extensionHostProcess.js:112:40543)
	at Object.executeCommand (file:///snap/code/187/usr/share/code/resources/app/out/vs/workbench/api/node/extensionHostProcess.js:172:37375)
	at set hasGitHubRepositories (/snap/code/187/usr/share/code/resources/app/extensions/github/dist/extension.js:2:217805)
	at /snap/code/187/usr/share/code/resources/app/extensions/github/dist/extension.js:2:218764
	at Th.value (/snap/code/187/usr/share/code/resources/app/extensions/git/dist/main.js:2:1120702)
	at P.B (file:///snap/code/187/usr/share/code/resources/app/out/vs/workbench/api/node/extensionHostProcess.js:27:2375)
	at P.C (file:///snap/code/187/usr/share/code/resources/app/out/vs/workbench/api/node/extensionHostProcess.js:27:2445)
	at P.fire (file:///snap/code/187/usr/share/code/resources/app/out/vs/workbench/api/node/extensionHostProcess.js:27:2662)
	at Object.p [as dispose] (/snap/code/187/usr/share/code/resources/app/extensions/git/dist/main.js:2:1022703)
	at /snap/code/187/usr/share/code/resources/app/extensions/git/dist/main.js:2:1029021
	at Array.forEach (<anonymous>)
	at b.dispose (/snap/code/187/usr/share/code/resources/app/extensions/git/dist/main.js:2:1029007)
	at fv.<anonymous> (file:///snap/code/187/usr/share/code/resources/app/out/vs/workbench/api/node/extensionHostProcess.js:108:8922)
	at fv.dispose (file:///snap/code/187/usr/share/code/resources/app/out/vs/workbench/api/node/extensionHostProcess.js:108:9018)
	at fv.<anonymous> (/snap/code/187/usr/share/code/resources/app/extensions/git/dist/main.js:2:1002547)
	at fv.dispose (file:///snap/code/187/usr/share/code/resources/app/out/vs/workbench/api/node/extensionHostProcess.js:108:9018)
	at hi (file:///snap/code/187/usr/share/code/resources/app/out/vs/workbench/api/node/extensionHostProcess.js:25:701)
	at file:///snap/code/187/usr/share/code/resources/app/out/vs/workbench/api/node/extensionHostProcess.js:116:14994
	at file:///snap/code/187/usr/share/code/resources/app/out/vs/workbench/api/node/extensionHostProcess.js:25:1011
	at Object.dispose (file:///snap/code/187/usr/share/code/resources/app/out/vs/workbench/api/node/extensionHostProcess.js:8:705)
	at zz.eb (file:///snap/code/187/usr/share/code/resources/app/out/vs/workbench/api/node/extensionHostProcess.js:116:11921)
	at file:///snap/code/187/usr/share/code/resources/app/out/vs/workbench/api/node/extensionHostProcess.js:116:9876
	at Array.map (<anonymous>)
	at zz.$ (file:///snap/code/187/usr/share/code/resources/app/out/vs/workbench/api/node/extensionHostProcess.js:116:9864)
	at zz.terminate (file:///snap/code/187/usr/share/code/resources/app/out/vs/workbench/api/node/extensionHostProcess.js:116:10107)
	at OI.terminate (file:///snap/code/187/usr/share/code/resources/app/out/vs/workbench/api/node/extensionHostProcess.js:117:1434)
	at ts (file:///snap/code/187/usr/share/code/resources/app/out/vs/workbench/api/node/extensionHostProcess.js:190:15108)
	at MessagePortMain.<anonymous> (file:///snap/code/187/usr/share/code/resources/app/out/vs/workbench/api/node/extensionHostProcess.js:190:11656)
	at MessagePortMain.emit (node:events:518:28)
	at MessagePortMain._internalPort.emit (node:electron/js2c/utility_init:2:2949) setContext undefined
2025-06-20 16:20:08.738 [info] Extension host with pid 24138 exiting with code 0
